Log file open, 09/29/17 20:42:42
LogWindows: LoadLibraryWithSearchPaths failed for file aqProf.dll. GetLastError=0
LogWindows: LoadLibraryWithSearchPaths failed for file VSPerf140.dll. GetLastError=0
LogWindows: LoadLibraryWithSearchPaths failed for file VtuneApi.dll. GetLastError=0
LogWindows: LoadLibraryWithSearchPaths failed for file VtuneApi32e.dll. GetLastError=0
LogInit: Display: Running engine for game: EscapeRoom
LogPlatformFile: Not using cached read wrapper
LogInit: Display: RandInit(-114697900) SRandInit(-114697900).
LogTaskGraph: Started task graph with 5 named threads and 14 total threads with 3 sets of task threads.
LogStats: Stats thread started at 0.178257
LogD3D11RHI: Aftermath initialized
LogPluginManager: Mounting plugin Paper2D
LogPluginManager: Mounting plugin LightPropagationVolume
LogPluginManager: Mounting plugin CodeLiteSourceCodeAccess
LogPluginManager: Mounting plugin GitSourceControl
LogPluginManager: Mounting plugin KDevelopSourceCodeAccess
LogPluginManager: Mounting plugin NullSourceCodeAccess
LogPluginManager: Mounting plugin PerforceSourceControl
LogPluginManager: Mounting plugin SubversionSourceControl
LogPluginManager: Mounting plugin UObjectPlugin
LogPluginManager: Mounting plugin VisualStudioSourceCodeAccess
LogPluginManager: Mounting plugin XCodeSourceCodeAccess
LogPluginManager: Mounting plugin AssetManagerEditor
LogPluginManager: Mounting plugin AudioCapture
LogPluginManager: Mounting plugin FacialAnimation
LogPluginManager: Mounting plugin GameplayTagsEditor
LogPluginManager: Mounting plugin MobileLauncherProfileWizard
LogPluginManager: Mounting plugin PluginBrowser
LogPluginManager: Mounting plugin SpeedTreeImporter
LogPluginManager: Mounting plugin AlembicImporter
LogPluginManager: Mounting plugin CharacterAI
LogPluginManager: Mounting plugin HTML5Networking
LogPluginManager: Mounting plugin AndroidMedia
LogPluginManager: Mounting plugin AvfMedia
LogPluginManager: Mounting plugin MediaPlayerEditor
LogPluginManager: Mounting plugin WmfMedia
LogPluginManager: Mounting plugin TcpMessaging
LogPluginManager: Mounting plugin UdpMessaging
LogPluginManager: Mounting plugin LevelSequenceEditor
LogPluginManager: Mounting plugin MatineeToLevelSequence
LogPluginManager: Mounting plugin OnlineSubsystemGooglePlay
LogPluginManager: Mounting plugin OnlineSubsystemIOS
LogPluginManager: Mounting plugin OnlineSubsystem
LogPluginManager: Mounting plugin OnlineSubsystemNull
LogPluginManager: Mounting plugin OnlineSubsystemUtils
LogPluginManager: Mounting plugin AndroidDeviceProfileSelector
LogPluginManager: Mounting plugin AndroidMoviePlayer
LogPluginManager: Mounting plugin AndroidPermission
LogPluginManager: Mounting plugin AppleMoviePlayer
LogPluginManager: Mounting plugin ArchVisCharacter
LogPluginManager: Mounting plugin CableComponent
LogPluginManager: Mounting plugin CustomMeshComponent
LogPluginManager: Mounting plugin ExampleDeviceProfileSelector
LogPluginManager: Mounting plugin GoogleCloudMessaging
LogPluginManager: Mounting plugin ImmediatePhysics
LogPluginManager: Mounting plugin IOSDeviceProfileSelector
LogPluginManager: Mounting plugin LinuxDeviceProfileSelector
LogPluginManager: Mounting plugin LocationServicesBPLibrary
LogPluginManager: Mounting plugin MobilePatchingUtils
LogPluginManager: Mounting plugin OculusVR
LogPluginManager: Mounting plugin PhysXVehicles
LogPluginManager: Mounting plugin ProceduralMeshComponent
LogPluginManager: Mounting plugin RuntimePhysXCooking
LogPluginManager: Mounting plugin SteamVR
LogPluginManager: Mounting plugin WindowsMoviePlayer
LogInit: Using libcurl 7.47.1
LogInit:  - built for x86_64-pc-win32
LogInit:  - supports SSL with OpenSSL/1.0.2g
LogInit:  - supports HTTP deflate (compression) using libz 1.2.8
LogInit:  - other features:
LogInit:      CURL_VERSION_SSL
LogInit:      CURL_VERSION_LIBZ
LogInit:      CURL_VERSION_IPV6
LogInit:      CURL_VERSION_ASYNCHDNS
LogInit:      CURL_VERSION_LARGEFILE
LogInit:      CURL_VERSION_IDN
LogInit:  CurlRequestOptions (configurable via config and command line):
LogInit:  - bVerifyPeer = false  - Libcurl will NOT verify peer certificate
LogInit:  - bUseHttpProxy = false  - Libcurl will NOT use HTTP proxy
LogInit:  - bDontReuseConnections = false  - Libcurl will reuse connections
LogInit:  - CertBundlePath = nullptr  - Libcurl will use whatever was configured at build time.
LogInit: Build: ++UE4+Release-4.17-CL-3586342
LogInit: Engine Version: 4.17.1-3586342+++UE4+Release-4.17
LogInit: Compatible Engine Version: 4.17.0-3573198+++UE4+Release-4.17
LogInit: Net CL: 3573198
LogDevObjectVersion: Number of dev versions registered: 16
LogDevObjectVersion:   Dev-Blueprints (B0D832E4-1F89-4F0D-ACCF-7EB736FD4AA2): 10
LogDevObjectVersion:   Dev-Build (E1C64328-A22C-4D53-A36C-8E866417BD8C): 0
LogDevObjectVersion:   Dev-Core (375EC13C-06E4-48FB-B500-84F0262A717E): 2
LogDevObjectVersion:   Dev-Editor (E4B068ED-F494-42E9-A231-DA0B2E46BB41): 20
LogDevObjectVersion:   Dev-Framework (CFFC743F-43B0-4480-9391-14DF171D2073): 28
LogDevObjectVersion:   Dev-Mobile (B02B49B5-BB20-44E9-A304-32B752E40360): 0
LogDevObjectVersion:   Dev-Networking (A4E4105C-59A1-49B5-A7C5-40C4547EDFEE): 0
LogDevObjectVersion:   Dev-Online (39C831C9-5AE6-47DC-9A44-9C173E1C8E7C): 0
LogDevObjectVersion:   Dev-Physics (78F01B33-EBEA-4F98-B9B4-84EACCB95AA2): 0
LogDevObjectVersion:   Dev-Platform (6631380F-2D4D-43E0-8009-CF276956A95A): 0
LogDevObjectVersion:   Dev-Rendering (12F88B9F-8875-4AFC-A67C-D90C383ABD29): 19
LogDevObjectVersion:   Dev-Sequencer (7B5AE74C-D270-4C10-A958-57980B212A5A): 4
LogDevObjectVersion:   Dev-VR (D7296918-1DD6-4BDD-9DE2-64A83CC13884): 0
LogDevObjectVersion:   Dev-LoadTimes (C2A15278-BFE7-4AFE-6C17-90FF531DF755): 1
LogDevObjectVersion:   Private-Geometry (6EACA3D4-40EC-4CC1-B786-8BED09428FC5): 1
LogDevObjectVersion:   Dev-AnimPhys (29E575DD-E0A3-4627-9D10-D276232CDCEA): 7
LogInit: Compiled (64-bit): Aug 15 2017 02:05:26
LogInit: Compiled with Visual C++: 19.00.24215.01
LogInit: Build Configuration: Development
LogInit: Branch Name: ++UE4+Release-4.17
LogInit: Command line: -EpicPortal 
LogInit: Base directory: C:/Program Files/Epic Games/UE_4.17/Engine/Binaries/Win64/
LogInit: Installed Engine Build: 1
LogInit: Presizing for max 8388607 objects, including 0 objects not considered by GC, pre-allocating 0 bytes for permanent pool.
LogInit: Object subsystem initialized
[2017.09.30-00.42.44:862][  0]LogInit: Selected Device Profile: [Windows]
[2017.09.30-00.42.44:862][  0]LogInit: Applying CVar settings loaded from the selected device profile: [Windows]
[2017.09.30-00.42.44:874][  0]LogInit: Computer: LAPTOP-QBTPNRJC
[2017.09.30-00.42.44:874][  0]LogInit: User: dougl
[2017.09.30-00.42.44:874][  0]LogInit: CPU Page size=4096, Cores=4
[2017.09.30-00.42.44:874][  0]LogInit: High frequency timer resolution =2.531250 MHz
[2017.09.30-00.42.44:874][  0]LogMemory: Memory total: Physical=15.8GB (16GB approx)
[2017.09.30-00.42.44:874][  0]LogMemory: Platform Memory Stats for Windows
[2017.09.30-00.42.44:874][  0]LogMemory: Process Physical Memory: 277.11 MB used, 277.11 MB peak
[2017.09.30-00.42.44:874][  0]LogMemory: Process Virtual Memory: 274.36 MB used, 274.36 MB peak
[2017.09.30-00.42.44:874][  0]LogMemory: Physical Memory: 5357.87 MB used,  10853.91 MB free, 16211.78 MB total
[2017.09.30-00.42.44:874][  0]LogMemory: Virtual Memory: 669.02 MB used,  10853.91 MB free, 134217728.00 MB total
[2017.09.30-00.42.45:050][  0]LogInit: Using OS detected language (en-US).
[2017.09.30-00.42.45:050][  0]LogInit: Using OS detected locale (en-US).
[2017.09.30-00.42.45:053][  0]LogTextLocalizationManager: No specific localization for 'en-US' exists, so the 'en' localization will be used.
[2017.09.30-00.42.45:800][  0]LogD3D11RHI: D3D11 adapters:
[2017.09.30-00.42.45:831][  0]LogD3D11RHI:    0. 'NVIDIA GeForce GTX 960M' (Feature Level 11_0)
[2017.09.30-00.42.45:831][  0]LogD3D11RHI:       4064/0/8105 MB DedicatedVideo/DedicatedSystem/SharedSystem, Outputs:2, VendorId:0x10de
[2017.09.30-00.42.45:838][  0]LogD3D11RHI:    1. 'Intel(R) HD Graphics 530' (Feature Level 11_0)
[2017.09.30-00.42.45:838][  0]LogD3D11RHI:       128/0/8105 MB DedicatedVideo/DedicatedSystem/SharedSystem, Outputs:0, VendorId:0x8086
[2017.09.30-00.42.45:839][  0]LogD3D11RHI:    2. 'Microsoft Basic Render Driver' (Feature Level 11_0)
[2017.09.30-00.42.45:839][  0]LogD3D11RHI:       0/0/8105 MB DedicatedVideo/DedicatedSystem/SharedSystem, Outputs:0, VendorId:0x1414
[2017.09.30-00.42.45:839][  0]LogD3D11RHI: Chosen D3D11 Adapter: 0
[2017.09.30-00.42.45:845][  0]LogD3D11RHI: Creating new Direct3DDevice
[2017.09.30-00.42.45:845][  0]LogD3D11RHI:     GPU DeviceId: 0x139b (for the marketing name, search the web for "GPU Device Id")
[2017.09.30-00.42.45:845][  0]LogWindows: EnumDisplayDevices:
[2017.09.30-00.42.45:845][  0]LogWindows:    0. 'Intel(R) HD Graphics 530' (P:1 D:1)
[2017.09.30-00.42.45:845][  0]LogWindows:    1. 'Intel(R) HD Graphics 530' (P:0 D:1)
[2017.09.30-00.42.45:845][  0]LogWindows:    2. 'Intel(R) HD Graphics 530' (P:0 D:0)
[2017.09.30-00.42.45:845][  0]LogWindows: DebugString: PrimaryIsNotTheChoosenAdapter PrimaryIsNotTheChoosenAdapter PrimaryIsNotTheChoosenAdapter FoundDriverCount:0 
[2017.09.30-00.42.45:845][  0]LogD3D11RHI:     Adapter Name: NVIDIA GeForce GTX 960M
[2017.09.30-00.42.45:845][  0]LogD3D11RHI:   Driver Version: Unknown (internal:Unknown, unified:Unknown)
[2017.09.30-00.42.45:845][  0]LogD3D11RHI:      Driver Date: Unknown
[2017.09.30-00.42.45:845][  0]LogRHI: Texture pool is 1361 MB (70% of 1945 MB)
[2017.09.30-00.42.45:863][  0]LogD3D11RHI: Async texture creation enabled
[2017.09.30-00.42.45:875][  0]LogD3D11RHI: GPU Timing Frequency: 1000.000000 (Debug: 2 1)
[2017.09.30-00.42.45:876][  0]LogShaderCompilers: Guid format shader working directory is 14 characters bigger than the processId version (D:/GitHub/EscapeRoom/EscapeRoom/Intermediate/Shaders/WorkingDirectory/10912/).
[2017.09.30-00.42.45:877][  0]LogShaderCompilers: Cleaned the shader compiler working directory 'C:/Users/dougl/AppData/Local/Temp/UnrealShaderWorkingDir/FE5C71D8459491901D054889328F1D15/'.
[2017.09.30-00.42.45:877][  0]LogShaderCompilers: Display: Using Local Shader Compiler.
[2017.09.30-00.42.46:866][  0]LogTemp: Display: Loaded TP AllDesktopTargetPlatform
[2017.09.30-00.42.46:922][  0]LogTemp: Display: Loaded TP MacClientTargetPlatform
[2017.09.30-00.42.46:980][  0]LogTemp: Display: Loaded TP MacNoEditorTargetPlatform
[2017.09.30-00.42.47:037][  0]LogTemp: Display: Loaded TP MacServerTargetPlatform
[2017.09.30-00.42.47:094][  0]LogTemp: Display: Loaded TP MacTargetPlatform
[2017.09.30-00.42.47:151][  0]LogTemp: Display: Loaded TP WindowsClientTargetPlatform
[2017.09.30-00.42.47:208][  0]LogTemp: Display: Loaded TP WindowsNoEditorTargetPlatform
[2017.09.30-00.42.47:265][  0]LogTemp: Display: Loaded TP WindowsServerTargetPlatform
[2017.09.30-00.42.47:314][  0]LogTemp: Display: Loaded TP WindowsTargetPlatform
[2017.09.30-00.42.47:366][  0]LogTemp: Display: Loaded TP AndroidTargetPlatform
[2017.09.30-00.42.47:420][  0]LogTemp: Display: Loaded TP Android_ASTCTargetPlatform
[2017.09.30-00.42.47:476][  0]LogTemp: Display: Loaded TP Android_ATCTargetPlatform
[2017.09.30-00.42.47:534][  0]LogTemp: Display: Loaded TP Android_DXTTargetPlatform
[2017.09.30-00.42.47:590][  0]LogTemp: Display: Loaded TP Android_ETC1TargetPlatform
[2017.09.30-00.42.47:648][  0]LogTemp: Display: Loaded TP Android_ETC2TargetPlatform
[2017.09.30-00.42.47:760][  0]LogTemp: Display: Loaded TP Android_MultiTargetPlatform
[2017.09.30-00.42.47:760][  0]LogTemp: Display: Loaded TP Android_PVRTCTargetPlatform
[2017.09.30-00.42.47:804][  0]LogTemp: Display: Loaded TP HTML5TargetPlatform
[2017.09.30-00.42.47:905][  0]LogTemp: Display: Loaded TP IOSTargetPlatform
[2017.09.30-00.42.47:938][  0]LogTemp: Display: Loaded TP TVOSTargetPlatform
[2017.09.30-00.42.47:995][  0]LogTemp: Display: Loaded TP LinuxClientTargetPlatform
[2017.09.30-00.42.48:048][  0]LogTemp: Display: Loaded TP LinuxNoEditorTargetPlatform
[2017.09.30-00.42.48:101][  0]LogTemp: Display: Loaded TP LinuxServerTargetPlatform
[2017.09.30-00.42.48:153][  0]LogTemp: Display: Loaded TP LinuxTargetPlatform
[2017.09.30-00.42.48:153][  0]LogTargetPlatformManager: Display: Building Assets For Windows
[2017.09.30-00.42.48:707][  0]LogDerivedDataCache: Display: Max Cache Size: 512 MB
[2017.09.30-00.42.48:811][  0]LogDerivedDataCache: Loaded boot cache 0.10s 93MB C:/Users/dougl/AppData/Local/UnrealEngine/4.17/DerivedDataCache/Boot.ddc.
[2017.09.30-00.42.48:811][  0]LogDerivedDataCache: Display: Loaded Boot cache: C:/Users/dougl/AppData/Local/UnrealEngine/4.17/DerivedDataCache/Boot.ddc
[2017.09.30-00.42.48:811][  0]LogDerivedDataCache: FDerivedDataBackendGraph:  Pak pak cache file D:/GitHub/EscapeRoom/EscapeRoom/DerivedDataCache/DDC.ddp not found, will not use a pak cache.
[2017.09.30-00.42.48:811][  0]LogDerivedDataCache: Unable to find inner node Pak for hierarchical cache Hierarchy.
[2017.09.30-00.42.48:811][  0]LogDerivedDataCache: FDerivedDataBackendGraph:  CompressedPak pak cache file D:/GitHub/EscapeRoom/EscapeRoom/DerivedDataCache/Compressed.ddp not found, will not use a pak cache.
[2017.09.30-00.42.48:811][  0]LogDerivedDataCache: Unable to find inner node CompressedPak for hierarchical cache Hierarchy.
[2017.09.30-00.42.48:828][  0]LogDerivedDataCache: Display: Pak cache opened for reading ../../../Engine/DerivedDataCache/Compressed.ddp.
[2017.09.30-00.42.48:841][  0]LogDerivedDataCache: Using Local data cache path C:/Users/dougl/AppData/Local/UnrealEngine/Common/DerivedDataCache: Writable
[2017.09.30-00.42.48:852][  0]LogMaterial: Verifying Global Shaders for PCD3D_SM5
[2017.09.30-00.42.48:852][  0]LogSlate: Using Freetype 2.6.0
[2017.09.30-00.42.48:853][  0]LogSlate: SlateFontCache - WITH_FREETYPE: 1, WITH_HARFBUZZ: 1
[2017.09.30-00.42.48:853][  0]LogSlate: SlateFontCache - WITH_FREETYPE: 1, WITH_HARFBUZZ: 1
[2017.09.30-00.42.49:139][  0]LogAssetRegistry: FAssetRegistry took 0.0261 seconds to start up
[2017.09.30-00.42.49:258][  0]LogInit: Selected Device Profile: [Windows]
[2017.09.30-00.42.49:418][  0]LogContentStreaming: Texture pool size is 0.00 MB
[2017.09.30-00.42.49:758][  0]LogSimplygon: Simplygon DLL not present - disabling.
[2017.09.30-00.42.49:802][  0]LogMeshReduction: Using SimplygonSwarm for distributed automatic mesh merging
[2017.09.30-00.42.49:802][  0]LogMeshReduction: Using QuadricMeshReduction for automatic static mesh reduction
[2017.09.30-00.42.49:802][  0]LogMeshReduction: No automatic skeletal mesh reduction module available
[2017.09.30-00.42.49:802][  0]LogMeshReduction: No automatic mesh merging module available
[2017.09.30-00.42.49:802][  0]LogMeshMerging: No automatic mesh merging module available
[2017.09.30-00.42.50:212][  0]LogNetVersion: EscapeRoom , NetCL: 3573198, EngineNetVer: 2, GameNetVer: 0 (Checksum: 4184261634)
[2017.09.30-00.42.50:466][  0]LogPackageLocalizationCache: Processed 5 localized package path(s) for 2 prioritized culture(s) in 0.045429 seconds
[2017.09.30-00.42.50:473][  0]LogUObjectArray: 35825 objects as part of root set at end of initial load.
[2017.09.30-00.42.50:473][  0]LogUObjectAllocator: 7529112 out of 0 bytes used by permanent object pool.
[2017.09.30-00.42.50:473][  0]LogUObjectArray: CloseDisregardForGC: 0/0 objects in disregard for GC pool
[2017.09.30-00.42.50:565][  0]LogInit: WinSock: version 1.1 (2.2), MaxSocks=32767, MaxUdp=65467
[2017.09.30-00.42.53:334][  0]LogTcpMessaging: Initializing TcpMessaging bridge
[2017.09.30-00.42.53:377][  0]LogUdpMessaging: Initializing bridge on interface 0.0.0.0:0 to multicast group 230.0.0.1:6666.
[2017.09.30-00.42.54:118][  0]LogMaterial: Uniform references updated for custom material expression Custom.
[2017.09.30-00.42.54:631][  0]SourceControl: Source control is disabled
[2017.09.30-00.42.54:631][  0]SourceControl: Source control is disabled
[2017.09.30-00.42.54:698][  0]SourceControl: Source control is disabled
[2017.09.30-00.42.54:762][  0]SourceControl: Source control is disabled
[2017.09.30-00.42.55:514][  0]LogAndroidPermission: UAndroidPermissionCallbackProxy::GetInstance
[2017.09.30-00.42.55:798][  0]LogOcInput: OculusInput pre-init called
[2017.09.30-00.42.56:113][  0]LogEngine: Initializing Engine...
[2017.09.30-00.42.56:114][  0]LogHMD: Failed to initialize OpenVR with code 110
[2017.09.30-00.42.56:416][  0]LogStats: UGameplayTagsManager::ConstructGameplayTagTree: Construct from data asset -  0.000 s
[2017.09.30-00.42.56:417][  0]LogStats: UGameplayTagsManager::ConstructGameplayTagTree: GameplayTagTreeChangedEvent.Broadcast -  0.000 s
[2017.09.30-00.42.56:587][  0]LogAIModule: Creating AISystem for world Untitled
[2017.09.30-00.42.56:598][  0]LogInit: XAudio2 using 'Speakers (Realtek High Definition Audio)' : 2 channels at 48 kHz using 32 bits per sample (channel mask 0x3)
[2017.09.30-00.42.56:616][  0]LogInit: FAudioDevice initialized.
[2017.09.30-00.42.56:749][  0]LogDerivedDataCache: Saved boot cache 0.13s 93MB C:/Users/dougl/AppData/Local/UnrealEngine/4.17/DerivedDataCache/Boot.ddc.
[2017.09.30-00.42.56:760][  0]LogInit: Texture streaming: Enabled
[2017.09.30-00.42.56:906][  0]LogEngineSessionManager: EngineSessionManager initialized
[2017.09.30-00.42.57:187][  0]LogInit: Transaction tracking system initialized
[2017.09.30-00.42.57:607][  0]BlueprintLog: New page: Editor Load
[2017.09.30-00.42.58:777][  0]LocalizationService: Localization service is disabled
[2017.09.30-00.42.59:693][  0]LogConsoleResponse: Display: 
[2017.09.30-00.42.59:902][  0]LogCook: Display: Max memory allowance for cook 16384mb min free memory 0mb
[2017.09.30-00.42.59:902][  0]LogCook: Display: Mobile HDR setting 1
[2017.09.30-00.42.59:902][  0]LogGameplayTags: Display: UGameplayTagsManager::DoneAddingNativeTags. DelegateIsBound: 0
[2017.09.30-00.43.00:757][  0]LogFileCache: Scanning file cache for directory 'D:/GitHub/EscapeRoom/EscapeRoom/Content/' took 0.01s
[2017.09.30-00.43.01:194][  0]SourceControl: Source control is disabled
[2017.09.30-00.43.01:194][  0]Cmd: MAP LOAD FILE="D:/GitHub/EscapeRoom/EscapeRoom/Content/NewMap.umap" TEMPLATE=0 SHOWPROGRESS=1 FEATURELEVEL=3
[2017.09.30-00.43.01:195][  0]LightingResults: New page: Lighting Build
[2017.09.30-00.43.01:242][  0]MapCheck: New page: Map Check
[2017.09.30-00.43.01:242][  0]LightingResults: New page: Lighting Build
[2017.09.30-00.43.01:615][  0]LogAIModule: Creating AISystem for world NewMap
[2017.09.30-00.43.01:621][  0]LogEditorServer: Finished looking for orphan Actors (0.000 secs)
[2017.09.30-00.43.01:634][  0]Cmd: MAP CHECKDEP NOCLEARLOG
[2017.09.30-00.43.01:694][  0]MapCheck: Map check complete: 0 Error(s), 0 Warning(s), took 58.957ms to complete.
[2017.09.30-00.43.01:694][  0]LogFileHelpers: Loading map 'NewMap' took 0.500
[2017.09.30-00.43.01:863][  0]LogCollectionManager: Loaded 0 collections in 0.001633 seconds
[2017.09.30-00.43.01:959][  0]LogFileCache: Scanning file cache for directory 'D:/GitHub/EscapeRoom/EscapeRoom/Saved/Collections/' took 0.01s
[2017.09.30-00.43.01:959][  0]LogFileCache: Scanning file cache for directory 'D:/GitHub/EscapeRoom/EscapeRoom/Content/Developers/dougl/Collections/' took 0.01s
[2017.09.30-00.43.01:959][  0]LogFileCache: Scanning file cache for directory 'D:/GitHub/EscapeRoom/EscapeRoom/Content/Collections/' took 0.01s
[2017.09.30-00.43.01:959][  0]LogCollectionManager: Rebuilt the GUID cache for 0 collections in 0.000000 seconds
[2017.09.30-00.43.01:968][  0]LogContentBrowser: Native class hierarchy populated in 0.0095 seconds. Added 2391 classes and 504 folders.
[2017.09.30-00.43.02:048][  0]LogContentBrowser: Native class hierarchy updated for 'WidgetCarousel' in 0.0018 seconds. Added 0 classes and 0 folders.
[2017.09.30-00.43.02:095][  0]LogContentBrowser: Native class hierarchy updated for 'AddContentDialog' in 0.0019 seconds. Added 0 classes and 0 folders.
[2017.09.30-00.43.02:170][  0]LogSlate: Took 0.000256 seconds to synchronously load lazily loaded font '../../../Engine/Content/Slate/Fonts/Roboto-Regular.ttf' (155K)
[2017.09.30-00.43.02:178][  0]LogSlate: Took 0.000238 seconds to synchronously load lazily loaded font '../../../Engine/Content/Slate/Fonts/Roboto-Bold.ttf' (160K)
[2017.09.30-00.43.02:181][  0]LogSlate: Took 0.000184 seconds to synchronously load lazily loaded font '../../../Engine/Content/Editor/Slate/Fonts/FontAwesome.ttf' (139K)
[2017.09.30-00.43.02:181][  0]LogSlate: Took 0.000162 seconds to synchronously load lazily loaded font '../../../Engine/Content/Editor/Slate/Fonts/DroidSansMono.ttf' (77K)
[2017.09.30-00.43.02:305][  0]LogRenderer: Reallocating scene render targets to support 1176x540 Format 10 NumSamples 1 (Frame:1).
[2017.09.30-00.43.02:548][  0]LogContentBrowser: Native class hierarchy updated for 'HierarchicalLODOutliner' in 0.0013 seconds. Added 1 classes and 2 folders.
[2017.09.30-00.43.02:549][  0]LogLoad: (Engine Initialization) Total time: 21.36 seconds
[2017.09.30-00.43.02:549][  0]LogLoad: (Engine Initialization) Total Blueprint compile time: 0.00 seconds
[2017.09.30-00.43.02:549][  0]LogExternalProfiler: No external profilers were discovered.  External profiling features will not be available.
[2017.09.30-00.43.02:908][  0]LogContentStreaming: Texture pool size now 1000 MB
[2017.09.30-00.43.03:227][  1]LogAssetRegistry: Asset discovery search completed in 14.1106 seconds
[2017.09.30-00.43.03:229][  1]LogCollectionManager: Rebuilt the object cache for 0 collections in 0.000000 seconds (found 0 objects)
[2017.09.30-00.43.03:230][  1]LogCollectionManager: Fixed up redirectors for 0 collections in 0.000226 seconds (updated 0 objects)
[2017.09.30-00.43.18:678][708]LogSlate: Took 0.000176 seconds to synchronously load lazily loaded font '../../../Engine/Content/Slate/Fonts/Roboto-Light.ttf' (159K)
[2017.09.30-00.44.09:597][738]Cmd: SELECT NONE
[2017.09.30-00.44.17:341][200]MapCheck: New page: Map Check
[2017.09.30-00.44.17:367][200]LightingResults: New page: Lighting Build - Sep 29, 2017, 4:44:17 PM
[2017.09.30-00.44.17:416][200]LogSwarmInterface: [OpenConnection] Registering TCP channel ...
[2017.09.30-00.44.17:505][200]LogSwarmInterface: [OpenConnection] Connecting to agent ...
[2017.09.30-00.44.17:515][200]LogSwarmInterface: [TryOpenConnection] Testing the Agent
[2017.09.30-00.44.18:026][200]LogSwarmInterface: [TryOpenConnection] Opening Connection to Agent
[2017.09.30-00.44.18:026][200]LogSwarmInterface: [TryOpenConnection] Local Process ID is 10912
[2017.09.30-00.44.20:602][200]LogStaticLightingSystem: Warning: No importance volume found, so the scene bounding box was used.  You can optimize your scene's quality and lighting build times by adding importance volumes.
[2017.09.30-00.44.20:603][200]LogStaticLightingSystem: Running Lightmass w/ ImmediateImport mode ENABLED
[2017.09.30-00.44.20:603][200]LogStaticLightingSystem: Running Lightmass w/ ImmediateProcess mode ENABLED
[2017.09.30-00.44.20:603][200]LogStaticLightingSystem: Running Lightmass w/ Sorting mode ENABLED
[2017.09.30-00.44.20:603][200]LogStaticLightingSystem: Running Lightmass w/ Mapping paddings ENABLED
[2017.09.30-00.44.20:603][200]LogStaticLightingSystem: Running Lightmass w/ Mapping debug paddings DISABLED
[2017.09.30-00.44.20:775][200]LogEditorBuildUtils: Build time 0:03
[2017.09.30-00.44.23:108][306]Job is a success!
[2017.09.30-00.44.23:153][308]LogSlate: Took 0.000151 seconds to synchronously load lazily loaded font '../../../Engine/Content/Slate/Fonts/Roboto-Light.ttf' (159K)
[2017.09.30-00.44.23:526][308]LogTexture: Display: Building textures: SkyOcclusion1_1 (AutoDXT, 1024X512)
[2017.09.30-00.44.23:526][308]LogTexture: Display: Building textures: HQ_Lightmap1_1 (AutoDXT, 1024X1024)
[2017.09.30-00.44.23:526][308]LogTexture: Display: Building textures: LQ_Lightmap_1_1 (DXT1, 1024X1024)
[2017.09.30-00.44.23:526][308]LogTexture: Display: Building textures: SkyOcclusion1_2 (AutoDXT, 64X32)
[2017.09.30-00.44.23:526][308]LogTexture: Display: Building textures: HQ_Lightmap1_2 (AutoDXT, 64X64)
[2017.09.30-00.44.23:527][308]LogTexture: Display: Building textures: LQ_Lightmap_1_2 (DXT1, 64X64)
[2017.09.30-00.44.23:603][308]LogTexture: Display: Building textures: ShadowMapTexture2D_1 (BGRA8, 32X32)
[2017.09.30-00.44.23:604][308]LogTexture: Display: Building textures: ShadowMapTexture2D_0 (BGRA8, 1024X256)
[2017.09.30-00.44.23:626][308]Lightmass on LAPTOP-QBTPNRJC: 2.10 sec total, 139 ms importing, 33 ms setup, 379 ms photons, 1.53 sec processing, 0 ms extra exporting [12/12 mappings]. Threads: 10.6 sec total, 4.25 sec processing.
[2017.09.30-00.44.23:646][308]LogStaticLightingSystem: Illumination: 6.25 sec (291 ms encoding lightmaps, 69 ms encoding shadowmaps)
[2017.09.30-00.44.23:646][308]LogStaticLightingSystem: Lightmap texture memory:  2.7 MB (2.7 MB streaming, 0.0 MB non-streaming), 4 textures
[2017.09.30-00.44.23:647][308]LogStaticLightingSystem: Shadowmap texture memory: 1.3 MB (1.3 MB streaming, 0.0 MB non-streaming), 2 textures
[2017.09.30-00.44.24:606][308]DumpUnbuiltLightIteractions
[2017.09.30-00.44.24:607][308]Lights with unbuilt interactions: 0
[2017.09.30-00.44.24:607][308]
[2017.09.30-00.44.24:607][308]Primitives with unbuilt interactions: 0
[2017.09.30-00.44.24:613][309]Cmd: MAP CHECK NOTIFYRESULTS
[2017.09.30-00.44.24:614][309]MapCheck: New page: NewMap - Sep 29, 2017, 4:44:24 PM
[2017.09.30-00.44.24:713][309]MapCheck: Map check complete: 0 Error(s), 0 Warning(s), took 99.193ms to complete.
[2017.09.30-00.46.18:879][521]LogEditorViewport: Clicking on Actor (LMB): StaticMeshActor (SM_TableRound)
[2017.09.30-00.46.21:956][697]LogContentBrowser: Native class hierarchy updated for 'MaterialEditor' in 0.0014 seconds. Added 1 classes and 0 folders.
[2017.09.30-00.46.21:959][697]LogMaterial: Missing cached shader map for material M_StatueGlass, compiling. 
[2017.09.30-00.46.22:088][697]LogMaterial: Missing cached shader map for material M_StatueGlass, compiling. 
[2017.09.30-00.46.22:110][697]LogMaterial: Missing cached shader map for material M_StatueGlass, compiling. 
[2017.09.30-00.46.22:156][697]LogMaterial: Missing cached shader map for material FMatExpressionPreview MaterialExpressionTextureSample_1, compiling. 
[2017.09.30-00.46.22:161][697]LogMaterial: Missing cached shader map for material FMatExpressionPreview MaterialExpressionVectorParameter_0, compiling. 
[2017.09.30-00.46.22:165][697]LogMaterial: Missing cached shader map for material FMatExpressionPreview MaterialExpressionTextureSample_0, compiling. 
[2017.09.30-00.46.22:180][697]LogSlate: Took 0.000320 seconds to synchronously load lazily loaded font '../../../Engine/Content/Editor/Slate/Fonts/Roboto-BoldCondensed.ttf' (158K)
[2017.09.30-00.46.22:621][702]LogSlate: Took 0.000360 seconds to synchronously load lazily loaded font '../../../Engine/Content/Editor/Slate/Fonts/Roboto-Italic.ttf' (157K)
[2017.09.30-00.46.36:010][489]Cmd: SELECT NONE
[2017.09.30-00.46.36:749][533]Cmd: SELECT NONE
[2017.09.30-00.46.37:966][606]Cmd: SELECT NONE
[2017.09.30-00.47.09:093][429]LogTemp: Repeating last play command: Selected Viewport
[2017.09.30-00.47.09:131][429]LogPlayLevel: PlayLevel: No blueprints needed recompiling
[2017.09.30-00.47.09:131][429]PIE: New page: PIE session: NewMap (Sep 29, 2017, 4:47:09 PM)
[2017.09.30-00.47.09:131][429]LogPlayLevel: Creating play world package: /Game/UEDPIE_0_NewMap
[2017.09.30-00.47.09:135][429]LogPlayLevel: PIE: StaticDuplicateObject took: (0.002972s)
[2017.09.30-00.47.09:136][429]LogAIModule: Creating AISystem for world NewMap
[2017.09.30-00.47.09:136][429]LogPlayLevel: PIE: World Init took: (0.001249s)
[2017.09.30-00.47.09:136][429]LogPlayLevel: PIE: Created PIE world by copying editor world from /Game/NewMap.NewMap to /Game/UEDPIE_0_NewMap.NewMap (0.004983s)
[2017.09.30-00.47.09:154][429]LogInit: XAudio2 using 'Speakers (Realtek High Definition Audio)' : 2 channels at 48 kHz using 32 bits per sample (channel mask 0x3)
[2017.09.30-00.47.09:167][429]LogInit: FAudioDevice initialized.
[2017.09.30-00.47.09:213][429]LogLoad: Game class is 'EscapeRoomGameModeBase'
[2017.09.30-00.47.09:216][429]LogWorld: Bringing World /Game/UEDPIE_0_NewMap.NewMap up for play (max tick rate 60) at 2017.09.29-20.47.09
[2017.09.30-00.47.09:217][429]LogWorld: Bringing up level for play took: 0.001911
[2017.09.30-00.47.09:270][429]LogContentBrowser: Native class hierarchy updated for 'MovieSceneCapture' in 0.0017 seconds. Added 11 classes and 0 folders.
[2017.09.30-00.47.09:271][429]LogTemp: Warning:  SM_Chair_2 is at X=440.000 Y=-435.000 Z=20.000.
[2017.09.30-00.47.09:272][429]LogTemp: Warning:  SM_Chair2_4 is at X=440.000 Y=-165.000 Z=20.000.
[2017.09.30-00.47.09:272][429]PIE: Play in editor start time for /Game/UEDPIE_0_NewMap -0.706
[2017.09.30-00.47.20:599][ 90]LogEditorViewport: Clicking on Actor (LMB): Emitter (P_Explosion)
[2017.09.30-00.47.24:135][301]Cmd: TRANSACTION UNDO
[2017.09.30-00.47.24:135][301]LogEditorTransaction: Undo Clicking on Actors
[2017.09.30-00.47.24:162][301]LogSlate: Took 0.000218 seconds to synchronously load lazily loaded font '../../../Engine/Content/Slate/Fonts/Roboto-Light.ttf' (159K)
[2017.09.30-00.47.24:467][320]Cmd: TRANSACTION UNDO
[2017.09.30-00.47.24:467][320]LogEditorTransaction: Undo Create Actors
[2017.09.30-00.47.32:394][770]LogTemp: Repeating last play command: Selected Viewport
[2017.09.30-00.47.32:414][770]LogPlayLevel: PlayLevel: No blueprints needed recompiling
[2017.09.30-00.47.32:414][770]PIE: New page: PIE session: NewMap (Sep 29, 2017, 4:47:32 PM)
[2017.09.30-00.47.32:414][770]LogPlayLevel: Creating play world package: /Game/UEDPIE_0_NewMap
[2017.09.30-00.47.32:417][770]LogPlayLevel: PIE: StaticDuplicateObject took: (0.003015s)
[2017.09.30-00.47.32:418][770]LogAIModule: Creating AISystem for world NewMap
[2017.09.30-00.47.32:419][770]LogPlayLevel: PIE: World Init took: (0.000839s)
[2017.09.30-00.47.32:419][770]LogPlayLevel: PIE: Created PIE world by copying editor world from /Game/NewMap.NewMap to /Game/UEDPIE_0_NewMap.NewMap (0.004506s)
[2017.09.30-00.47.32:435][770]LogInit: XAudio2 using 'Speakers (Realtek High Definition Audio)' : 2 channels at 48 kHz using 32 bits per sample (channel mask 0x3)
[2017.09.30-00.47.32:446][770]LogInit: FAudioDevice initialized.
[2017.09.30-00.47.32:482][770]LogLoad: Game class is 'EscapeRoomGameModeBase'
[2017.09.30-00.47.32:484][770]LogWorld: Bringing World /Game/UEDPIE_0_NewMap.NewMap up for play (max tick rate 60) at 2017.09.29-20.47.32
[2017.09.30-00.47.32:485][770]LogWorld: Bringing up level for play took: 0.001756
[2017.09.30-00.47.32:486][770]LogTemp: Warning:  SM_Chair_2 is at X=440.000 Y=-435.000 Z=20.000.
[2017.09.30-00.47.32:486][770]LogTemp: Warning:  SM_Chair2_4 is at X=440.000 Y=-165.000 Z=20.000.
[2017.09.30-00.47.32:487][770]PIE: Play in editor start time for /Game/UEDPIE_0_NewMap 0.508
[2017.09.30-00.47.47:951][690]LogEditorViewport: Clicking on Actor (LMB): Emitter (P_Fire)
[2017.09.30-00.47.48:267][707]LogEditorViewport: Clicking on Actor (LMB): Emitter (P_Fire)
[2017.09.30-00.48.04:185][654]LogEditorViewport: Clicking on Actor (LMB): Emitter (P_Fire)
[2017.09.30-00.49.05:312][286]LogTemp: Repeating last play command: Selected Viewport
[2017.09.30-00.49.05:331][286]LogPlayLevel: PlayLevel: No blueprints needed recompiling
[2017.09.30-00.49.05:332][286]PIE: New page: PIE session: NewMap (Sep 29, 2017, 4:49:05 PM)
[2017.09.30-00.49.05:332][286]LogPlayLevel: Creating play world package: /Game/UEDPIE_0_NewMap
[2017.09.30-00.49.05:336][286]LogPlayLevel: PIE: StaticDuplicateObject took: (0.003566s)
[2017.09.30-00.49.05:337][286]LogAIModule: Creating AISystem for world NewMap
[2017.09.30-00.49.05:337][286]LogPlayLevel: PIE: World Init took: (0.001212s)
[2017.09.30-00.49.05:338][286]LogPlayLevel: PIE: Created PIE world by copying editor world from /Game/NewMap.NewMap to /Game/UEDPIE_0_NewMap.NewMap (0.005559s)
[2017.09.30-00.49.05:354][286]LogInit: XAudio2 using 'Speakers (Realtek High Definition Audio)' : 2 channels at 48 kHz using 32 bits per sample (channel mask 0x3)
[2017.09.30-00.49.05:365][286]LogInit: FAudioDevice initialized.
[2017.09.30-00.49.05:403][286]LogLoad: Game class is 'EscapeRoomGameModeBase'
[2017.09.30-00.49.05:405][286]LogWorld: Bringing World /Game/UEDPIE_0_NewMap.NewMap up for play (max tick rate 60) at 2017.09.29-20.49.05
[2017.09.30-00.49.05:406][286]LogWorld: Bringing up level for play took: 0.002105
[2017.09.30-00.49.05:407][286]LogTemp: Warning:  SM_Chair_2 is at X=440.000 Y=-435.000 Z=20.000.
[2017.09.30-00.49.05:408][286]LogTemp: Warning:  SM_Chair2_4 is at X=440.000 Y=-165.000 Z=20.000.
[2017.09.30-00.49.05:408][286]PIE: Play in editor start time for /Game/UEDPIE_0_NewMap -0.57
[2017.09.30-00.49.20:833][205]Cmd: SELECT NONE
[2017.09.30-00.49.26:591][550]LogEditorViewport: Clicking on Actor (LMB): Emitter (P_Fire)
[2017.09.30-00.50.11:504][215]LogTemp: Repeating last play command: Selected Viewport
[2017.09.30-00.50.11:523][215]LogPlayLevel: PlayLevel: No blueprints needed recompiling
[2017.09.30-00.50.11:524][215]PIE: New page: PIE session: NewMap (Sep 29, 2017, 4:50:11 PM)
[2017.09.30-00.50.11:524][215]LogPlayLevel: Creating play world package: /Game/UEDPIE_0_NewMap
[2017.09.30-00.50.11:528][215]LogPlayLevel: PIE: StaticDuplicateObject took: (0.003691s)
[2017.09.30-00.50.11:529][215]LogAIModule: Creating AISystem for world NewMap
[2017.09.30-00.50.11:529][215]LogPlayLevel: PIE: World Init took: (0.001139s)
[2017.09.30-00.50.11:529][215]LogPlayLevel: PIE: Created PIE world by copying editor world from /Game/NewMap.NewMap to /Game/UEDPIE_0_NewMap.NewMap (0.005570s)
[2017.09.30-00.50.11:545][215]LogInit: XAudio2 using 'Speakers (Realtek High Definition Audio)' : 2 channels at 48 kHz using 32 bits per sample (channel mask 0x3)
[2017.09.30-00.50.11:558][215]LogInit: FAudioDevice initialized.
[2017.09.30-00.50.11:592][215]LogLoad: Game class is 'EscapeRoomGameModeBase'
[2017.09.30-00.50.11:594][215]LogWorld: Bringing World /Game/UEDPIE_0_NewMap.NewMap up for play (max tick rate 60) at 2017.09.29-20.50.11
[2017.09.30-00.50.11:595][215]LogWorld: Bringing up level for play took: 0.001681
[2017.09.30-00.50.11:596][215]LogTemp: Warning:  SM_Chair_2 is at X=440.000 Y=-435.000 Z=20.000.
[2017.09.30-00.50.11:596][215]LogTemp: Warning:  SM_Chair2_4 is at X=440.000 Y=-165.000 Z=20.000.
[2017.09.30-00.50.11:597][215]PIE: Play in editor start time for /Game/UEDPIE_0_NewMap -0.381
[2017.09.30-00.51.36:419][296]LogEditorViewport: Clicking on Actor (LMB): StaticMeshActor (Wall_400x302)
[2017.09.30-00.51.47:453][949]Cmd: CAMERA ALIGN ACTIVEVIEWPORTONLY
[2017.09.30-00.51.48:477][ 10]LogEditorViewport: Clicking on Actor (LMB): StaticMeshActor (Wall_400x302)
[2017.09.30-00.51.48:614][ 17]Cmd: CAMERA ALIGN ACTIVEVIEWPORTONLY
[2017.09.30-00.52.00:382][718]LogEditorViewport: Clicking on Actor (LMB): StaticMeshActor (Wall_400x304)
[2017.09.30-00.52.04:431][956]LogEditorViewport: Clicking on Actor (LMB): StaticMeshActor (Wall_400x302)
[2017.09.30-00.52.11:044][346]Cmd: TRANSACTION UNDO
[2017.09.30-00.52.11:044][346]LogEditorTransaction: Undo Scale Actors
[2017.09.30-00.52.11:778][389]Cmd: SELECT NONE
[2017.09.30-00.52.22:780][ 46]MapCheck: New page: Map Check
[2017.09.30-00.52.22:799][ 46]LightingResults: New page: Lighting Build - Sep 29, 2017, 4:52:22 PM
[2017.09.30-00.52.22:809][ 46]LogSwarmInterface: [OpenConnection] Registering TCP channel ...
[2017.09.30-00.52.22:812][ 46]LogSwarmInterface: [OpenConnection] Connecting to agent ...
[2017.09.30-00.52.22:812][ 46]LogSwarmInterface: [TryOpenConnection] Testing the Agent
[2017.09.30-00.52.22:814][ 46]LogSwarmInterface: [TryOpenConnection] Opening Connection to Agent
[2017.09.30-00.52.22:814][ 46]LogSwarmInterface: [TryOpenConnection] Local Process ID is 10912
[2017.09.30-00.52.27:402][ 46]LogStaticLightingSystem: Warning: No importance volume found, so the scene bounding box was used.  You can optimize your scene's quality and lighting build times by adding importance volumes.
[2017.09.30-00.52.27:402][ 46]LogStaticLightingSystem: Running Lightmass w/ ImmediateImport mode ENABLED
[2017.09.30-00.52.27:403][ 46]LogStaticLightingSystem: Running Lightmass w/ ImmediateProcess mode ENABLED
[2017.09.30-00.52.27:403][ 46]LogStaticLightingSystem: Running Lightmass w/ Sorting mode ENABLED
[2017.09.30-00.52.27:403][ 46]LogStaticLightingSystem: Running Lightmass w/ Mapping paddings ENABLED
[2017.09.30-00.52.27:403][ 46]LogStaticLightingSystem: Running Lightmass w/ Mapping debug paddings DISABLED
[2017.09.30-00.52.27:576][ 46]LogEditorBuildUtils: Build time 0:04
[2017.09.30-00.52.30:065][161]Job is a success!
[2017.09.30-00.52.30:512][162]LogTexture: Display: Building textures: SkyOcclusion0_1 (AutoDXT, 1024X512)
[2017.09.30-00.52.30:512][162]LogTexture: Display: Building textures: HQ_Lightmap0_1 (AutoDXT, 1024X1024)
[2017.09.30-00.52.30:512][162]LogTexture: Display: Building textures: LQ_Lightmap_0_1 (DXT1, 1024X1024)
[2017.09.30-00.52.30:512][162]LogTexture: Display: Building textures: SkyOcclusion0_2 (AutoDXT, 64X32)
[2017.09.30-00.52.30:513][162]LogTexture: Display: Building textures: HQ_Lightmap0_2 (AutoDXT, 64X64)
[2017.09.30-00.52.30:513][162]LogTexture: Display: Building textures: LQ_Lightmap_0_2 (DXT1, 64X64)
[2017.09.30-00.52.30:597][162]LogTexture: Display: Building textures: ShadowMapTexture2D_3 (BGRA8, 32X32)
[2017.09.30-00.52.30:597][162]LogTexture: Display: Building textures: ShadowMapTexture2D_2 (BGRA8, 1024X256)
[2017.09.30-00.52.30:616][162]Lightmass on LAPTOP-QBTPNRJC: 2.38 sec total, 148 ms importing, 31 ms setup, 410 ms photons, 1.77 sec processing, 0 ms extra exporting [12/12 mappings]. Threads: 12.2 sec total, 5.10 sec processing.
[2017.09.30-00.52.30:624][162]LogStaticLightingSystem: Illumination: 7.79 sec (338 ms encoding lightmaps, 81 ms encoding shadowmaps)
[2017.09.30-00.52.30:624][162]LogStaticLightingSystem: Lightmap texture memory:  2.7 MB (2.7 MB streaming, 0.0 MB non-streaming), 4 textures
[2017.09.30-00.52.30:624][162]LogStaticLightingSystem: Shadowmap texture memory: 1.3 MB (1.3 MB streaming, 0.0 MB non-streaming), 2 textures
[2017.09.30-00.52.31:404][162]DumpUnbuiltLightIteractions
[2017.09.30-00.52.31:404][162]Lights with unbuilt interactions: 0
[2017.09.30-00.52.31:404][162]
[2017.09.30-00.52.31:404][162]Primitives with unbuilt interactions: 0
[2017.09.30-00.52.31:408][163]Cmd: MAP CHECK NOTIFYRESULTS
[2017.09.30-00.52.31:408][163]MapCheck: New page: NewMap - Sep 29, 2017, 4:52:31 PM
[2017.09.30-00.52.31:644][163]MapCheck: Map check complete: 0 Error(s), 0 Warning(s), took 236.158ms to complete.
[2017.09.30-00.52.36:499][453]LogEditorViewport: Clicking on Actor (LMB): SkyLight (SkyLight)
[2017.09.30-00.52.37:784][526]Cmd: SELECT NONE
[2017.09.30-00.52.38:386][562]LogEditorViewport: Clicking on Actor (LMB): SkyLight (SkyLight)
[2017.09.30-00.52.41:013][717]Cmd: EDIT CUT
[2017.09.30-00.52.41:016][717]LogEditorActor: Deleted Actor: SkyLight
[2017.09.30-00.52.41:028][717]LogEditorActor: Deleted 1 Actors (0.012 secs)
[2017.09.30-00.52.43:674][876]LogTemp: Repeating last play command: Selected Viewport
[2017.09.30-00.52.43:693][876]LogPlayLevel: PlayLevel: No blueprints needed recompiling
[2017.09.30-00.52.43:694][876]PIE: New page: PIE session: NewMap (Sep 29, 2017, 4:52:43 PM)
[2017.09.30-00.52.43:694][876]LogPlayLevel: Creating play world package: /Game/UEDPIE_0_NewMap
[2017.09.30-00.52.43:697][876]LogPlayLevel: PIE: StaticDuplicateObject took: (0.003079s)
[2017.09.30-00.52.43:698][876]LogAIModule: Creating AISystem for world NewMap
[2017.09.30-00.52.43:698][876]LogPlayLevel: PIE: World Init took: (0.001111s)
[2017.09.30-00.52.43:699][876]LogPlayLevel: PIE: Created PIE world by copying editor world from /Game/NewMap.NewMap to /Game/UEDPIE_0_NewMap.NewMap (0.004846s)
[2017.09.30-00.52.43:715][876]LogInit: XAudio2 using 'Speakers (Realtek High Definition Audio)' : 2 channels at 48 kHz using 32 bits per sample (channel mask 0x3)
[2017.09.30-00.52.43:726][876]LogInit: FAudioDevice initialized.
[2017.09.30-00.52.43:761][876]LogLoad: Game class is 'EscapeRoomGameModeBase'
[2017.09.30-00.52.43:764][876]LogWorld: Bringing World /Game/UEDPIE_0_NewMap.NewMap up for play (max tick rate 60) at 2017.09.29-20.52.43
[2017.09.30-00.52.43:764][876]LogWorld: Bringing up level for play took: 0.001832
[2017.09.30-00.52.43:766][876]LogTemp: Warning:  SM_Chair_2 is at X=440.000 Y=-435.000 Z=20.000.
[2017.09.30-00.52.43:766][876]LogTemp: Warning:  SM_Chair2_4 is at X=440.000 Y=-165.000 Z=20.000.
[2017.09.30-00.52.43:766][876]PIE: Play in editor start time for /Game/UEDPIE_0_NewMap -0.212
[2017.09.30-00.54.01:185][512]Cmd: OBJ SAVEPACKAGE PACKAGE="/Game/NewMap" FILE="D:/GitHub/EscapeRoom/EscapeRoom/Content/NewMap.umap" SILENT=true AUTOSAVING=false KEEPDIRTY=false
[2017.09.30-00.54.01:259][512]LogSavePackage: Save=53.73ms
[2017.09.30-00.54.01:259][512]LogSavePackage: Moving 'D:/GitHub/EscapeRoom/EscapeRoom/Saved/NewMapE17D97514D9FD5C3A56F359244609DA6.tmp' to 'D:/GitHub/EscapeRoom/EscapeRoom/Content/NewMap.umap'
[2017.09.30-00.54.01:265][512]LogSavePackage: Display: Finished SavePackage D:/GitHub/EscapeRoom/EscapeRoom/Content/NewMap.umap
[2017.09.30-00.54.01:298][512]Cmd: OBJ SAVEPACKAGE PACKAGE="/Game/NewMap_BuiltData" FILE="D:/GitHub/EscapeRoom/EscapeRoom/Content/NewMap_BuiltData.uasset" SILENT=true
[2017.09.30-00.54.01:668][512]LogSavePackage: Save=362.68ms
[2017.09.30-00.54.01:669][512]LogSavePackage: Moving 'D:/GitHub/EscapeRoom/EscapeRoom/Saved/NewMap_BuiltDataA26BB7BB4F9F80C708C79BA9A59A47D5.tmp' to 'D:/GitHub/EscapeRoom/EscapeRoom/Content/NewMap_BuiltData.uasset'
[2017.09.30-00.54.01:672][512]LogSavePackage: Display: Finished SavePackage D:/GitHub/EscapeRoom/EscapeRoom/Content/NewMap_BuiltData.uasset
[2017.09.30-00.55.13:412][678]LogEditorViewport: Clicking on Actor (LMB): AtmosphericFog (Atmospheric Fog)
[2017.09.30-00.55.18:249][965]Cmd: SELECT NONE
[2017.09.30-01.12.04:061][404]LogEditorViewport: Clicking on Actor (LMB): StaticMeshActor (Floor)
[2017.09.30-01.12.05:178][466]LogEditorViewport: Clicking on Actor (LMB): StaticMeshActor (Floor)
[2017.09.30-01.12.26:816][759]LogTemp: Repeating last play command: Selected Viewport
[2017.09.30-01.12.26:836][759]LogPlayLevel: PlayLevel: No blueprints needed recompiling
[2017.09.30-01.12.26:837][759]PIE: New page: PIE session: NewMap (Sep 29, 2017, 5:12:26 PM)
[2017.09.30-01.12.26:837][759]LogPlayLevel: Creating play world package: /Game/UEDPIE_0_NewMap
[2017.09.30-01.12.26:841][759]LogPlayLevel: PIE: StaticDuplicateObject took: (0.003958s)
[2017.09.30-01.12.26:842][759]LogAIModule: Creating AISystem for world NewMap
[2017.09.30-01.12.26:843][759]LogPlayLevel: PIE: World Init took: (0.001453s)
[2017.09.30-01.12.26:843][759]LogPlayLevel: PIE: Created PIE world by copying editor world from /Game/NewMap.NewMap to /Game/UEDPIE_0_NewMap.NewMap (0.006153s)
[2017.09.30-01.12.26:858][759]LogInit: XAudio2 using 'Speakers (Realtek High Definition Audio)' : 2 channels at 48 kHz using 32 bits per sample (channel mask 0x3)
[2017.09.30-01.12.26:868][759]LogInit: FAudioDevice initialized.
[2017.09.30-01.12.26:899][759]LogLoad: Game class is 'EscapeRoomGameModeBase'
[2017.09.30-01.12.26:903][759]LogWorld: Bringing World /Game/UEDPIE_0_NewMap.NewMap up for play (max tick rate 60) at 2017.09.29-21.12.26
[2017.09.30-01.12.26:904][759]LogWorld: Bringing up level for play took: 0.002891
[2017.09.30-01.12.26:905][759]LogTemp: Warning:  SM_Chair_2 is at X=440.000 Y=-435.000 Z=20.000.
[2017.09.30-01.12.26:905][759]LogTemp: Warning:  SM_Chair2_4 is at X=440.000 Y=-165.000 Z=20.000.
[2017.09.30-01.12.26:905][759]PIE: Play in editor start time for /Game/UEDPIE_0_NewMap 0.928
[2017.09.30-01.12.31:311][ 19]LogEditorViewport: Clicking on Actor (LMB): StaticMeshActor (SM_Door)
[2017.09.30-01.13.11:412][753]LogTemp: Repeating last play command: Selected Viewport
[2017.09.30-01.13.11:429][753]LogPlayLevel: PlayLevel: No blueprints needed recompiling
[2017.09.30-01.13.11:430][753]PIE: New page: PIE session: NewMap (Sep 29, 2017, 5:13:11 PM)
[2017.09.30-01.13.11:430][753]LogPlayLevel: Creating play world package: /Game/UEDPIE_0_NewMap
[2017.09.30-01.13.11:433][753]LogPlayLevel: PIE: StaticDuplicateObject took: (0.002944s)
[2017.09.30-01.13.11:434][753]LogAIModule: Creating AISystem for world NewMap
[2017.09.30-01.13.11:434][753]LogPlayLevel: PIE: World Init took: (0.000865s)
[2017.09.30-01.13.11:434][753]LogPlayLevel: PIE: Created PIE world by copying editor world from /Game/NewMap.NewMap to /Game/UEDPIE_0_NewMap.NewMap (0.004484s)
[2017.09.30-01.13.11:449][753]LogInit: XAudio2 using 'Speakers (Realtek High Definition Audio)' : 2 channels at 48 kHz using 32 bits per sample (channel mask 0x3)
[2017.09.30-01.13.11:462][753]LogInit: FAudioDevice initialized.
[2017.09.30-01.13.11:493][753]LogLoad: Game class is 'EscapeRoomGameModeBase'
[2017.09.30-01.13.11:495][753]LogWorld: Bringing World /Game/UEDPIE_0_NewMap.NewMap up for play (max tick rate 60) at 2017.09.29-21.13.11
[2017.09.30-01.13.11:496][753]LogWorld: Bringing up level for play took: 0.001865
[2017.09.30-01.13.11:497][753]LogTemp: Warning:  SM_Chair_2 is at X=440.000 Y=-435.000 Z=20.000.
[2017.09.30-01.13.11:497][753]LogTemp: Warning:  SM_Chair2_4 is at X=440.000 Y=-165.000 Z=20.000.
[2017.09.30-01.13.11:497][753]PIE: Play in editor start time for /Game/UEDPIE_0_NewMap -0.48
[2017.09.30-01.14.21:632][870]LogEditorViewport: Clicking on Actor (LMB): TriggerVolume (TriggerVolume)
[2017.09.30-01.14.28:035][247]Cmd: SELECT NONE
[2017.09.30-01.14.34:283][620]LogTemp: Repeating last play command: Selected Viewport
[2017.09.30-01.14.34:301][620]LogPlayLevel: PlayLevel: No blueprints needed recompiling
[2017.09.30-01.14.34:302][620]PIE: New page: PIE session: NewMap (Sep 29, 2017, 5:14:34 PM)
[2017.09.30-01.14.34:302][620]LogPlayLevel: Creating play world package: /Game/UEDPIE_0_NewMap
[2017.09.30-01.14.34:305][620]LogPlayLevel: PIE: StaticDuplicateObject took: (0.003018s)
[2017.09.30-01.14.34:306][620]LogAIModule: Creating AISystem for world NewMap
[2017.09.30-01.14.34:306][620]LogPlayLevel: PIE: World Init took: (0.001225s)
[2017.09.30-01.14.34:307][620]LogPlayLevel: PIE: Created PIE world by copying editor world from /Game/NewMap.NewMap to /Game/UEDPIE_0_NewMap.NewMap (0.004963s)
[2017.09.30-01.14.34:322][620]LogInit: XAudio2 using 'Speakers (Realtek High Definition Audio)' : 2 channels at 48 kHz using 32 bits per sample (channel mask 0x3)
[2017.09.30-01.14.34:333][620]LogInit: FAudioDevice initialized.
[2017.09.30-01.14.34:366][620]LogLoad: Game class is 'EscapeRoomGameModeBase'
[2017.09.30-01.14.34:369][620]LogWorld: Bringing World /Game/UEDPIE_0_NewMap.NewMap up for play (max tick rate 60) at 2017.09.29-21.14.34
[2017.09.30-01.14.34:369][620]LogWorld: Bringing up level for play took: 0.001816
[2017.09.30-01.14.34:370][620]LogTemp: Warning:  SM_Chair_2 is at X=440.000 Y=-435.000 Z=20.000.
[2017.09.30-01.14.34:371][620]LogTemp: Warning:  SM_Chair2_4 is at X=440.000 Y=-165.000 Z=20.000.
[2017.09.30-01.14.34:371][620]PIE: Play in editor start time for /Game/UEDPIE_0_NewMap 0.393
[2017.09.30-01.14.50:453][507]LogTemp: Executing iPhonePackager certificates Engine -bundlename com.YourCompany.EscapeRoom
[2017.09.30-01.14.50:453][507]LogTemp: CWD: C:\Program Files\Epic Games\UE_4.17\Engine\Binaries\DotNET\IOS
[2017.09.30-01.14.50:454][507]LogTemp: Initial Dir: C:\Program Files\Epic Games\UE_4.17
[2017.09.30-01.14.50:454][507]LogTemp: Env CWD: C:\Program Files\Epic Games\UE_4.17\Engine\Binaries\DotNET\IOS
[2017.09.30-01.14.50:458][507]LogTemp: BranchPath = LAPTOP-QBTPNRJC/C/Program Files/Epic Games/UE_4.17/Engine/Binaries --- GameBranchPath = LAPTOP-QBTPNRJC/C/Program Files/Epic Games/UE_4.17/Engine/Binaries
[2017.09.30-01.14.50:477][507]LogTemp: IPP ERROR: Could not find provision directory 'C:\Users\dougl\AppData\Local/Apple Computer/MobileDevice/Provisioning Profiles/'.
[2017.09.30-01.15.20:096][631]LogTemp: Repeating last play command: Selected Viewport
[2017.09.30-01.15.20:113][631]LogPlayLevel: PlayLevel: No blueprints needed recompiling
[2017.09.30-01.15.20:113][631]PIE: New page: PIE session: NewMap (Sep 29, 2017, 5:15:20 PM)
[2017.09.30-01.15.20:114][631]LogPlayLevel: Creating play world package: /Game/UEDPIE_0_NewMap
[2017.09.30-01.15.20:117][631]LogPlayLevel: PIE: StaticDuplicateObject took: (0.003223s)
[2017.09.30-01.15.20:118][631]LogAIModule: Creating AISystem for world NewMap
[2017.09.30-01.15.20:118][631]LogPlayLevel: PIE: World Init took: (0.000984s)
[2017.09.30-01.15.20:118][631]LogPlayLevel: PIE: Created PIE world by copying editor world from /Game/NewMap.NewMap to /Game/UEDPIE_0_NewMap.NewMap (0.004828s)
[2017.09.30-01.15.20:133][631]LogInit: XAudio2 using 'Speakers (Realtek High Definition Audio)' : 2 channels at 48 kHz using 32 bits per sample (channel mask 0x3)
[2017.09.30-01.15.20:143][631]LogInit: FAudioDevice initialized.
[2017.09.30-01.15.20:181][631]LogLoad: Game class is 'EscapeRoomGameModeBase'
[2017.09.30-01.15.20:184][631]LogWorld: Bringing World /Game/UEDPIE_0_NewMap.NewMap up for play (max tick rate 60) at 2017.09.29-21.15.20
[2017.09.30-01.15.20:184][631]LogWorld: Bringing up level for play took: 0.001708
[2017.09.30-01.15.20:185][631]LogTemp: Warning:  SM_Chair_2 is at X=440.000 Y=-435.000 Z=20.000.
[2017.09.30-01.15.20:186][631]LogTemp: Warning:  SM_Chair2_4 is at X=440.000 Y=-165.000 Z=20.000.
[2017.09.30-01.15.20:186][631]PIE: Play in editor start time for /Game/UEDPIE_0_NewMap 0.208
[2017.09.30-01.15.57:108][829]LogEditorViewport: Clicking on Actor (LMB): StaticMeshActor (SM_Door)
[2017.09.30-01.16.50:624][637]Cmd: OBJ SAVEPACKAGE PACKAGE="/Game/NewMap" FILE="D:/GitHub/EscapeRoom/EscapeRoom/Saved/Autosaves/Game/NewMap_Auto1.umap" SILENT=true AUTOSAVING=true KEEPDIRTY=false
[2017.09.30-01.16.50:682][637]LogSavePackage: Save=49.97ms
[2017.09.30-01.16.50:682][637]LogSavePackage: Moving 'D:/GitHub/EscapeRoom/EscapeRoom/Saved/NewMap_Auto1B2D5138B45563C5F70AB26A6F9961821.tmp' to 'D:/GitHub/EscapeRoom/EscapeRoom/Saved/Autosaves/Game/NewMap_Auto1.umap'
[2017.09.30-01.16.50:684][637]LogSavePackage: Display: Finished SavePackage D:/GitHub/EscapeRoom/EscapeRoom/Saved/Autosaves/Game/NewMap_Auto1.umap
[2017.09.30-01.16.50:686][637]LogFileHelpers: Editor autosave (incl. sublevels) for '/Game/NewMap' took 0.074
[2017.09.30-01.16.50:686][637]LogFileHelpers: Editor autosave (incl. sublevels) for all levels took 0.074
[2017.09.30-01.23.22:598][813]LogHotReload: New module detected: UE4Editor-EscapeRoom-8769.dll
[2017.09.30-01.23.23:277][816]LogHotReload: Starting Hot-Reload from IDE
[2017.09.30-01.23.23:368][816]LogClass: Could not find existing class OpenDoor in package /Script/EscapeRoom for HotReload, assuming new class
[2017.09.30-01.23.23:371][816]LogHotReload: Re-instancing OpenDoor after hot-reload.
[2017.09.30-01.23.23:414][816]LogContentBrowser: Native class hierarchy updated for 'EscapeRoom' in 0.0018 seconds. Added 4 classes and 2 folders.
[2017.09.30-01.23.23:415][816]Display: HotReload successful (0 functions remapped  0 scriptstructs remapped)
[2017.09.30-01.23.23:484][816]LogContentBrowser: Native class hierarchy populated in 0.0107 seconds. Added 2392 classes and 506 folders.
[2017.09.30-01.23.23:494][816]Display: HotReload took  0.2s.
[2017.09.30-01.23.46:282][139]LogPlayLevel: PlayLevel: No blueprints needed recompiling
[2017.09.30-01.23.46:282][139]PIE: New page: PIE session: NewMap (Sep 29, 2017, 5:23:46 PM)
[2017.09.30-01.23.46:282][139]LogPlayLevel: Creating play world package: /Game/UEDPIE_0_NewMap
[2017.09.30-01.23.46:286][139]LogPlayLevel: PIE: StaticDuplicateObject took: (0.003536s)
[2017.09.30-01.23.46:288][139]LogAIModule: Creating AISystem for world NewMap
[2017.09.30-01.23.46:288][139]LogPlayLevel: PIE: World Init took: (0.001798s)
[2017.09.30-01.23.46:289][139]LogPlayLevel: PIE: Created PIE world by copying editor world from /Game/NewMap.NewMap to /Game/UEDPIE_0_NewMap.NewMap (0.006766s)
[2017.09.30-01.23.46:303][139]LogInit: XAudio2 using 'Speakers (Realtek High Definition Audio)' : 2 channels at 48 kHz using 32 bits per sample (channel mask 0x3)
[2017.09.30-01.23.46:313][139]LogInit: FAudioDevice initialized.
[2017.09.30-01.23.46:347][139]LogLoad: Game class is 'EscapeRoomGameModeBase'
[2017.09.30-01.23.46:350][139]LogWorld: Bringing World /Game/UEDPIE_0_NewMap.NewMap up for play (max tick rate 60) at 2017.09.29-21.23.46
[2017.09.30-01.23.46:350][139]LogWorld: Bringing up level for play took: 0.001994
[2017.09.30-01.23.46:351][139]LogTemp: Warning:  SM_Chair_2 is at X=440.000 Y=-435.000 Z=20.000.
[2017.09.30-01.23.46:352][139]LogTemp: Warning:  SM_Chair2_4 is at X=440.000 Y=-165.000 Z=20.000.
[2017.09.30-01.23.46:352][139]PIE: Play in editor start time for /Game/UEDPIE_0_NewMap 0.374
[2017.09.30-01.24.07:288][226]LogEditorViewport: Clicking on Actor (LMB): PlayerStart (Player Start)
[2017.09.30-01.24.10:989][445]LogTemp: Repeating last play command: Selected Viewport
[2017.09.30-01.24.11:006][445]LogPlayLevel: PlayLevel: No blueprints needed recompiling
[2017.09.30-01.24.11:007][445]PIE: New page: PIE session: NewMap (Sep 29, 2017, 5:24:11 PM)
[2017.09.30-01.24.11:007][445]LogPlayLevel: Creating play world package: /Game/UEDPIE_0_NewMap
[2017.09.30-01.24.11:010][445]LogPlayLevel: PIE: StaticDuplicateObject took: (0.003107s)
[2017.09.30-01.24.11:011][445]LogAIModule: Creating AISystem for world NewMap
[2017.09.30-01.24.11:011][445]LogPlayLevel: PIE: World Init took: (0.001244s)
[2017.09.30-01.24.11:012][445]LogPlayLevel: PIE: Created PIE world by copying editor world from /Game/NewMap.NewMap to /Game/UEDPIE_0_NewMap.NewMap (0.005215s)
[2017.09.30-01.24.11:026][445]LogInit: XAudio2 using 'Speakers (Realtek High Definition Audio)' : 2 channels at 48 kHz using 32 bits per sample (channel mask 0x3)
[2017.09.30-01.24.11:037][445]LogInit: FAudioDevice initialized.
[2017.09.30-01.24.11:070][445]LogLoad: Game class is 'EscapeRoomGameModeBase'
[2017.09.30-01.24.11:073][445]LogWorld: Bringing World /Game/UEDPIE_0_NewMap.NewMap up for play (max tick rate 60) at 2017.09.29-21.24.11
[2017.09.30-01.24.11:073][445]LogWorld: Bringing up level for play took: 0.001685
[2017.09.30-01.24.11:074][445]LogTemp: Warning:  SM_Chair_2 is at X=440.000 Y=-435.000 Z=20.000.
[2017.09.30-01.24.11:074][445]LogTemp: Warning:  SM_Chair2_4 is at X=440.000 Y=-165.000 Z=20.000.
[2017.09.30-01.24.11:075][445]PIE: Play in editor start time for /Game/UEDPIE_0_NewMap -0.903
[2017.09.30-01.24.14:555][582]LogEditorViewport: Clicking on Actor (LMB): StaticMeshActor (Floor)
[2017.09.30-01.24.18:330][795]LogTemp: Repeating last play command: Selected Viewport
[2017.09.30-01.24.18:348][795]LogPlayLevel: PlayLevel: No blueprints needed recompiling
[2017.09.30-01.24.18:348][795]PIE: New page: PIE session: NewMap (Sep 29, 2017, 5:24:18 PM)
[2017.09.30-01.24.18:349][795]LogPlayLevel: Creating play world package: /Game/UEDPIE_0_NewMap
[2017.09.30-01.24.18:353][795]LogPlayLevel: PIE: StaticDuplicateObject took: (0.004357s)
[2017.09.30-01.24.18:354][795]LogAIModule: Creating AISystem for world NewMap
[2017.09.30-01.24.18:355][795]LogPlayLevel: PIE: World Init took: (0.001107s)
[2017.09.30-01.24.18:355][795]LogPlayLevel: PIE: Created PIE world by copying editor world from /Game/NewMap.NewMap to /Game/UEDPIE_0_NewMap.NewMap (0.006383s)
[2017.09.30-01.24.18:369][795]LogInit: XAudio2 using 'Speakers (Realtek High Definition Audio)' : 2 channels at 48 kHz using 32 bits per sample (channel mask 0x3)
[2017.09.30-01.24.18:378][795]LogInit: FAudioDevice initialized.
[2017.09.30-01.24.18:415][795]LogLoad: Game class is 'EscapeRoomGameModeBase'
[2017.09.30-01.24.18:418][795]LogWorld: Bringing World /Game/UEDPIE_0_NewMap.NewMap up for play (max tick rate 60) at 2017.09.29-21.24.18
[2017.09.30-01.24.18:419][795]LogWorld: Bringing up level for play took: 0.001946
[2017.09.30-01.24.18:420][795]LogTemp: Warning:  SM_Chair_2 is at X=440.000 Y=-435.000 Z=20.000.
[2017.09.30-01.24.18:420][795]LogTemp: Warning:  SM_Chair2_4 is at X=440.000 Y=-165.000 Z=20.000.
[2017.09.30-01.24.18:421][795]PIE: Play in editor start time for /Game/UEDPIE_0_NewMap 0.443
[2017.09.30-01.24.21:734][984]LogEditorViewport: Clicking on Actor (LMB): DefaultPawn (DefaultPawn)
[2017.09.30-01.24.26:920][274]LogEditorViewport: Clicking on Actor (LMB): StaticMeshActor (SM_Door)
[2017.09.30-01.24.48:379][750]Cmd: SELECT NONE
[2017.09.30-01.24.58:318][343]LogTemp: Repeating last play command: Selected Viewport
[2017.09.30-01.24.58:336][343]LogPlayLevel: PlayLevel: No blueprints needed recompiling
[2017.09.30-01.24.58:337][343]PIE: New page: PIE session: NewMap (Sep 29, 2017, 5:24:58 PM)
[2017.09.30-01.24.58:337][343]LogPlayLevel: Creating play world package: /Game/UEDPIE_0_NewMap
[2017.09.30-01.24.58:340][343]LogPlayLevel: PIE: StaticDuplicateObject took: (0.003132s)
[2017.09.30-01.24.58:341][343]LogAIModule: Creating AISystem for world NewMap
[2017.09.30-01.24.58:342][343]LogPlayLevel: PIE: World Init took: (0.001085s)
[2017.09.30-01.24.58:342][343]LogPlayLevel: PIE: Created PIE world by copying editor world from /Game/NewMap.NewMap to /Game/UEDPIE_0_NewMap.NewMap (0.005128s)
[2017.09.30-01.24.58:355][343]LogInit: XAudio2 using 'Speakers (Realtek High Definition Audio)' : 2 channels at 48 kHz using 32 bits per sample (channel mask 0x3)
[2017.09.30-01.24.58:366][343]LogInit: FAudioDevice initialized.
[2017.09.30-01.24.58:400][343]LogLoad: Game class is 'EscapeRoomGameModeBase'
[2017.09.30-01.24.58:403][343]LogWorld: Bringing World /Game/UEDPIE_0_NewMap.NewMap up for play (max tick rate 60) at 2017.09.29-21.24.58
[2017.09.30-01.24.58:404][343]LogWorld: Bringing up level for play took: 0.001754
[2017.09.30-01.24.58:405][343]LogTemp: Warning:  SM_Chair_2 is at X=440.000 Y=-435.000 Z=20.000.
[2017.09.30-01.24.58:405][343]LogTemp: Warning:  SM_Chair2_4 is at X=440.000 Y=-165.000 Z=20.000.
[2017.09.30-01.24.58:405][343]PIE: Play in editor start time for /Game/UEDPIE_0_NewMap 0.427
[2017.09.30-01.25.08:666][954]LogEditorViewport: Clicking on Actor (LMB): TriggerVolume (TriggerVolume)
[2017.09.30-01.25.20:267][638]Cmd: SELECT NONE
[2017.09.30-01.25.24:882][914]LogEditorViewport: Clicking on Actor (LMB): TriggerVolume (TriggerVolume)
[2017.09.30-01.26.12:013][715]Cmd: SELECT NONE
[2017.09.30-01.26.15:836][943]Cmd: SELECT NONE
[2017.09.30-01.26.16:476][981]LogTemp: Repeating last play command: Selected Viewport
[2017.09.30-01.26.16:495][981]LogPlayLevel: PlayLevel: No blueprints needed recompiling
[2017.09.30-01.26.16:495][981]PIE: New page: PIE session: NewMap (Sep 29, 2017, 5:26:16 PM)
[2017.09.30-01.26.16:495][981]LogPlayLevel: Creating play world package: /Game/UEDPIE_0_NewMap
[2017.09.30-01.26.16:499][981]LogPlayLevel: PIE: StaticDuplicateObject took: (0.003625s)
[2017.09.30-01.26.16:500][981]LogAIModule: Creating AISystem for world NewMap
[2017.09.30-01.26.16:501][981]LogPlayLevel: PIE: World Init took: (0.001323s)
[2017.09.30-01.26.16:501][981]LogPlayLevel: PIE: Created PIE world by copying editor world from /Game/NewMap.NewMap to /Game/UEDPIE_0_NewMap.NewMap (0.005685s)
[2017.09.30-01.26.16:516][981]LogInit: XAudio2 using 'Speakers (Realtek High Definition Audio)' : 2 channels at 48 kHz using 32 bits per sample (channel mask 0x3)
[2017.09.30-01.26.16:527][981]LogInit: FAudioDevice initialized.
[2017.09.30-01.26.16:558][981]LogLoad: Game class is 'EscapeRoomGameModeBase'
[2017.09.30-01.26.16:561][981]LogWorld: Bringing World /Game/UEDPIE_0_NewMap.NewMap up for play (max tick rate 60) at 2017.09.29-21.26.16
[2017.09.30-01.26.16:562][981]LogWorld: Bringing up level for play took: 0.001911
[2017.09.30-01.26.16:563][981]LogTemp: Warning:  SM_Chair_2 is at X=440.000 Y=-435.000 Z=20.000.
[2017.09.30-01.26.16:563][981]LogTemp: Warning:  SM_Chair2_4 is at X=440.000 Y=-165.000 Z=20.000.
[2017.09.30-01.26.16:563][981]PIE: Play in editor start time for /Game/UEDPIE_0_NewMap 0.585
[2017.09.30-01.26.23:873][416]LogTemp: Repeating last play command: Selected Viewport
[2017.09.30-01.26.23:892][416]LogPlayLevel: PlayLevel: No blueprints needed recompiling
[2017.09.30-01.26.23:892][416]PIE: New page: PIE session: NewMap (Sep 29, 2017, 5:26:23 PM)
[2017.09.30-01.26.23:893][416]LogPlayLevel: Creating play world package: /Game/UEDPIE_0_NewMap
[2017.09.30-01.26.23:896][416]LogPlayLevel: PIE: StaticDuplicateObject took: (0.003057s)
[2017.09.30-01.26.23:896][416]LogAIModule: Creating AISystem for world NewMap
[2017.09.30-01.26.23:897][416]LogPlayLevel: PIE: World Init took: (0.000990s)
[2017.09.30-01.26.23:897][416]LogPlayLevel: PIE: Created PIE world by copying editor world from /Game/NewMap.NewMap to /Game/UEDPIE_0_NewMap.NewMap (0.004657s)
[2017.09.30-01.26.23:915][416]LogInit: XAudio2 using 'Speakers (Realtek High Definition Audio)' : 2 channels at 48 kHz using 32 bits per sample (channel mask 0x3)
[2017.09.30-01.26.23:928][416]LogInit: FAudioDevice initialized.
[2017.09.30-01.26.23:961][416]LogLoad: Game class is 'EscapeRoomGameModeBase'
[2017.09.30-01.26.23:964][416]LogWorld: Bringing World /Game/UEDPIE_0_NewMap.NewMap up for play (max tick rate 60) at 2017.09.29-21.26.23
[2017.09.30-01.26.23:964][416]LogWorld: Bringing up level for play took: 0.001818
[2017.09.30-01.26.23:966][416]LogTemp: Warning:  SM_Chair_2 is at X=440.000 Y=-435.000 Z=20.000.
[2017.09.30-01.26.23:966][416]LogTemp: Warning:  SM_Chair2_4 is at X=440.000 Y=-165.000 Z=20.000.
[2017.09.30-01.26.23:966][416]PIE: Play in editor start time for /Game/UEDPIE_0_NewMap -0.012
[2017.09.30-01.27.55:430][820]Cmd: SELECT NONE
[2017.09.30-01.28.20:567][976]Cmd: OBJ SAVEPACKAGE PACKAGE="/Game/NewMap" FILE="D:/GitHub/EscapeRoom/EscapeRoom/Saved/Autosaves/Game/NewMap_Auto2.umap" SILENT=true AUTOSAVING=true KEEPDIRTY=false
[2017.09.30-01.28.20:626][976]LogSavePackage: Save=49.73ms
[2017.09.30-01.28.20:626][976]LogSavePackage: Moving 'D:/GitHub/EscapeRoom/EscapeRoom/Saved/NewMap_Auto28B61FAF04ACD3164532543BC6E593FE1.tmp' to 'D:/GitHub/EscapeRoom/EscapeRoom/Saved/Autosaves/Game/NewMap_Auto2.umap'
[2017.09.30-01.28.20:627][976]LogSavePackage: Display: Finished SavePackage D:/GitHub/EscapeRoom/EscapeRoom/Saved/Autosaves/Game/NewMap_Auto2.umap
[2017.09.30-01.28.20:631][976]LogFileHelpers: Editor autosave (incl. sublevels) for '/Game/NewMap' took 0.074
[2017.09.30-01.28.20:631][976]LogFileHelpers: Editor autosave (incl. sublevels) for all levels took 0.074
[2017.09.30-01.28.40:518][123]Cmd: OBJ SAVEPACKAGE PACKAGE="/Game/NewMap" FILE="D:/GitHub/EscapeRoom/EscapeRoom/Content/NewMap.umap" SILENT=true AUTOSAVING=false KEEPDIRTY=false
[2017.09.30-01.28.40:582][123]LogSavePackage: Save=50.92ms
[2017.09.30-01.28.40:583][123]LogSavePackage: Moving 'D:/GitHub/EscapeRoom/EscapeRoom/Saved/NewMap7F0C42404C6079D9F8434DAF3BB321F3.tmp' to 'D:/GitHub/EscapeRoom/EscapeRoom/Content/NewMap.umap'
[2017.09.30-01.28.40:585][123]LogSavePackage: Display: Finished SavePackage D:/GitHub/EscapeRoom/EscapeRoom/Content/NewMap.umap
[2017.09.30-01.28.40:612][123]Cmd: OBJ SAVEPACKAGE PACKAGE="/Game/NewMap_BuiltData" FILE="D:/GitHub/EscapeRoom/EscapeRoom/Content/NewMap_BuiltData.uasset" SILENT=true
[2017.09.30-01.28.40:728][123]LogSavePackage: Save=98.67ms
[2017.09.30-01.28.40:729][123]LogSavePackage: Moving 'D:/GitHub/EscapeRoom/EscapeRoom/Saved/NewMap_BuiltData6286F5614BB7F982C313648B1206721B.tmp' to 'D:/GitHub/EscapeRoom/EscapeRoom/Content/NewMap_BuiltData.uasset'
[2017.09.30-01.28.40:730][123]LogSavePackage: Display: Finished SavePackage D:/GitHub/EscapeRoom/EscapeRoom/Content/NewMap_BuiltData.uasset
