Log file open, 09/29/17 23:35:13
LogWindows: LoadLibraryWithSearchPaths failed for file aqProf.dll. GetLastError=0
LogWindows: LoadLibraryWithSearchPaths failed for file VSPerf140.dll. GetLastError=0
LogWindows: LoadLibraryWithSearchPaths failed for file VtuneApi.dll. GetLastError=0
LogWindows: LoadLibraryWithSearchPaths failed for file VtuneApi32e.dll. GetLastError=0
LogInit: Display: Running engine for game: EscapeRoom
LogPlatformFile: Not using cached read wrapper
LogInit: Display: RandInit(317341453) SRandInit(317341453).
LogTaskGraph: Started task graph with 5 named threads and 14 total threads with 3 sets of task threads.
LogStats: Stats thread started at 0.179326
LogD3D11RHI: Aftermath initialized
LogPluginManager: Mounting plugin Paper2D
LogPluginManager: Mounting plugin LightPropagationVolume
LogPluginManager: Mounting plugin CodeLiteSourceCodeAccess
LogPluginManager: Mounting plugin GitSourceControl
LogPluginManager: Mounting plugin KDevelopSourceCodeAccess
LogPluginManager: Mounting plugin NullSourceCodeAccess
LogPluginManager: Mounting plugin PerforceSourceControl
LogPluginManager: Mounting plugin SubversionSourceControl
LogPluginManager: Mounting plugin UObjectPlugin
LogPluginManager: Mounting plugin VisualStudioSourceCodeAccess
LogPluginManager: Mounting plugin XCodeSourceCodeAccess
LogPluginManager: Mounting plugin AssetManagerEditor
LogPluginManager: Mounting plugin AudioCapture
LogPluginManager: Mounting plugin FacialAnimation
LogPluginManager: Mounting plugin GameplayTagsEditor
LogPluginManager: Mounting plugin MobileLauncherProfileWizard
LogPluginManager: Mounting plugin PluginBrowser
LogPluginManager: Mounting plugin SpeedTreeImporter
LogPluginManager: Mounting plugin AlembicImporter
LogPluginManager: Mounting plugin CharacterAI
LogPluginManager: Mounting plugin HTML5Networking
LogPluginManager: Mounting plugin AndroidMedia
LogPluginManager: Mounting plugin AvfMedia
LogPluginManager: Mounting plugin MediaPlayerEditor
LogPluginManager: Mounting plugin WmfMedia
LogPluginManager: Mounting plugin TcpMessaging
LogPluginManager: Mounting plugin UdpMessaging
LogPluginManager: Mounting plugin LevelSequenceEditor
LogPluginManager: Mounting plugin MatineeToLevelSequence
LogPluginManager: Mounting plugin OnlineSubsystemGooglePlay
LogPluginManager: Mounting plugin OnlineSubsystemIOS
LogPluginManager: Mounting plugin OnlineSubsystem
LogPluginManager: Mounting plugin OnlineSubsystemNull
LogPluginManager: Mounting plugin OnlineSubsystemUtils
LogPluginManager: Mounting plugin AndroidDeviceProfileSelector
LogPluginManager: Mounting plugin AndroidMoviePlayer
LogPluginManager: Mounting plugin AndroidPermission
LogPluginManager: Mounting plugin AppleMoviePlayer
LogPluginManager: Mounting plugin ArchVisCharacter
LogPluginManager: Mounting plugin CableComponent
LogPluginManager: Mounting plugin CustomMeshComponent
LogPluginManager: Mounting plugin ExampleDeviceProfileSelector
LogPluginManager: Mounting plugin GoogleCloudMessaging
LogPluginManager: Mounting plugin ImmediatePhysics
LogPluginManager: Mounting plugin IOSDeviceProfileSelector
LogPluginManager: Mounting plugin LinuxDeviceProfileSelector
LogPluginManager: Mounting plugin LocationServicesBPLibrary
LogPluginManager: Mounting plugin MobilePatchingUtils
LogPluginManager: Mounting plugin OculusVR
LogPluginManager: Mounting plugin PhysXVehicles
LogPluginManager: Mounting plugin ProceduralMeshComponent
LogPluginManager: Mounting plugin RuntimePhysXCooking
LogPluginManager: Mounting plugin SteamVR
LogPluginManager: Mounting plugin WindowsMoviePlayer
LogInit: Using libcurl 7.47.1
LogInit:  - built for x86_64-pc-win32
LogInit:  - supports SSL with OpenSSL/1.0.2g
LogInit:  - supports HTTP deflate (compression) using libz 1.2.8
LogInit:  - other features:
LogInit:      CURL_VERSION_SSL
LogInit:      CURL_VERSION_LIBZ
LogInit:      CURL_VERSION_IPV6
LogInit:      CURL_VERSION_ASYNCHDNS
LogInit:      CURL_VERSION_LARGEFILE
LogInit:      CURL_VERSION_IDN
LogInit:  CurlRequestOptions (configurable via config and command line):
LogInit:  - bVerifyPeer = false  - Libcurl will NOT verify peer certificate
LogInit:  - bUseHttpProxy = false  - Libcurl will NOT use HTTP proxy
LogInit:  - bDontReuseConnections = false  - Libcurl will reuse connections
LogInit:  - CertBundlePath = nullptr  - Libcurl will use whatever was configured at build time.
LogInit: Build: ++UE4+Release-4.17-CL-3586342
LogInit: Engine Version: 4.17.1-3586342+++UE4+Release-4.17
LogInit: Compatible Engine Version: 4.17.0-3573198+++UE4+Release-4.17
LogInit: Net CL: 3573198
LogDevObjectVersion: Number of dev versions registered: 16
LogDevObjectVersion:   Dev-Blueprints (B0D832E4-1F89-4F0D-ACCF-7EB736FD4AA2): 10
LogDevObjectVersion:   Dev-Build (E1C64328-A22C-4D53-A36C-8E866417BD8C): 0
LogDevObjectVersion:   Dev-Core (375EC13C-06E4-48FB-B500-84F0262A717E): 2
LogDevObjectVersion:   Dev-Editor (E4B068ED-F494-42E9-A231-DA0B2E46BB41): 20
LogDevObjectVersion:   Dev-Framework (CFFC743F-43B0-4480-9391-14DF171D2073): 28
LogDevObjectVersion:   Dev-Mobile (B02B49B5-BB20-44E9-A304-32B752E40360): 0
LogDevObjectVersion:   Dev-Networking (A4E4105C-59A1-49B5-A7C5-40C4547EDFEE): 0
LogDevObjectVersion:   Dev-Online (39C831C9-5AE6-47DC-9A44-9C173E1C8E7C): 0
LogDevObjectVersion:   Dev-Physics (78F01B33-EBEA-4F98-B9B4-84EACCB95AA2): 0
LogDevObjectVersion:   Dev-Platform (6631380F-2D4D-43E0-8009-CF276956A95A): 0
LogDevObjectVersion:   Dev-Rendering (12F88B9F-8875-4AFC-A67C-D90C383ABD29): 19
LogDevObjectVersion:   Dev-Sequencer (7B5AE74C-D270-4C10-A958-57980B212A5A): 4
LogDevObjectVersion:   Dev-VR (D7296918-1DD6-4BDD-9DE2-64A83CC13884): 0
LogDevObjectVersion:   Dev-LoadTimes (C2A15278-BFE7-4AFE-6C17-90FF531DF755): 1
LogDevObjectVersion:   Private-Geometry (6EACA3D4-40EC-4CC1-B786-8BED09428FC5): 1
LogDevObjectVersion:   Dev-AnimPhys (29E575DD-E0A3-4627-9D10-D276232CDCEA): 7
LogInit: Compiled (64-bit): Aug 15 2017 02:05:26
LogInit: Compiled with Visual C++: 19.00.24215.01
LogInit: Build Configuration: Development
LogInit: Branch Name: ++UE4+Release-4.17
LogInit: Command line: -EpicPortal
LogInit: Base directory: C:/Program Files/Epic Games/UE_4.17/Engine/Binaries/Win64/
LogInit: Installed Engine Build: 1
LogInit: Presizing for max 8388607 objects, including 0 objects not considered by GC, pre-allocating 0 bytes for permanent pool.
LogInit: Object subsystem initialized
[2017.09.30-03.35.14:726][  0]LogInit: Selected Device Profile: [Windows]
[2017.09.30-03.35.14:726][  0]LogInit: Applying CVar settings loaded from the selected device profile: [Windows]
[2017.09.30-03.35.14:738][  0]LogInit: Computer: LAPTOP-QBTPNRJC
[2017.09.30-03.35.14:738][  0]LogInit: User: dougl
[2017.09.30-03.35.14:738][  0]LogInit: CPU Page size=4096, Cores=4
[2017.09.30-03.35.14:738][  0]LogInit: High frequency timer resolution =2.531250 MHz
[2017.09.30-03.35.14:739][  0]LogMemory: Memory total: Physical=15.8GB (16GB approx)
[2017.09.30-03.35.14:739][  0]LogMemory: Platform Memory Stats for Windows
[2017.09.30-03.35.14:739][  0]LogMemory: Process Physical Memory: 277.31 MB used, 277.31 MB peak
[2017.09.30-03.35.14:739][  0]LogMemory: Process Virtual Memory: 274.36 MB used, 274.36 MB peak
[2017.09.30-03.35.14:739][  0]LogMemory: Physical Memory: 6475.67 MB used,  9736.11 MB free, 16211.78 MB total
[2017.09.30-03.35.14:739][  0]LogMemory: Virtual Memory: 669.02 MB used,  9736.11 MB free, 134217728.00 MB total
[2017.09.30-03.35.14:917][  0]LogInit: Using OS detected language (en-US).
[2017.09.30-03.35.14:917][  0]LogInit: Using OS detected locale (en-US).
[2017.09.30-03.35.14:920][  0]LogTextLocalizationManager: No specific localization for 'en-US' exists, so the 'en' localization will be used.
[2017.09.30-03.35.15:648][  0]LogD3D11RHI: D3D11 adapters:
[2017.09.30-03.35.15:678][  0]LogD3D11RHI:    0. 'NVIDIA GeForce GTX 960M' (Feature Level 11_0)
[2017.09.30-03.35.15:678][  0]LogD3D11RHI:       4064/0/8105 MB DedicatedVideo/DedicatedSystem/SharedSystem, Outputs:2, VendorId:0x10de
[2017.09.30-03.35.15:685][  0]LogD3D11RHI:    1. 'Intel(R) HD Graphics 530' (Feature Level 11_0)
[2017.09.30-03.35.15:685][  0]LogD3D11RHI:       128/0/8105 MB DedicatedVideo/DedicatedSystem/SharedSystem, Outputs:0, VendorId:0x8086
[2017.09.30-03.35.15:686][  0]LogD3D11RHI:    2. 'Microsoft Basic Render Driver' (Feature Level 11_0)
[2017.09.30-03.35.15:686][  0]LogD3D11RHI:       0/0/8105 MB DedicatedVideo/DedicatedSystem/SharedSystem, Outputs:0, VendorId:0x1414
[2017.09.30-03.35.15:686][  0]LogD3D11RHI: Chosen D3D11 Adapter: 0
[2017.09.30-03.35.15:692][  0]LogD3D11RHI: Creating new Direct3DDevice
[2017.09.30-03.35.15:692][  0]LogD3D11RHI:     GPU DeviceId: 0x139b (for the marketing name, search the web for "GPU Device Id")
[2017.09.30-03.35.15:692][  0]LogWindows: EnumDisplayDevices:
[2017.09.30-03.35.15:692][  0]LogWindows:    0. 'Intel(R) HD Graphics 530' (P:1 D:1)
[2017.09.30-03.35.15:693][  0]LogWindows:    1. 'Intel(R) HD Graphics 530' (P:0 D:1)
[2017.09.30-03.35.15:693][  0]LogWindows:    2. 'Intel(R) HD Graphics 530' (P:0 D:0)
[2017.09.30-03.35.15:693][  0]LogWindows: DebugString: PrimaryIsNotTheChoosenAdapter PrimaryIsNotTheChoosenAdapter PrimaryIsNotTheChoosenAdapter FoundDriverCount:0 
[2017.09.30-03.35.15:693][  0]LogD3D11RHI:     Adapter Name: NVIDIA GeForce GTX 960M
[2017.09.30-03.35.15:693][  0]LogD3D11RHI:   Driver Version: Unknown (internal:Unknown, unified:Unknown)
[2017.09.30-03.35.15:693][  0]LogD3D11RHI:      Driver Date: Unknown
[2017.09.30-03.35.15:693][  0]LogRHI: Texture pool is 1361 MB (70% of 1945 MB)
[2017.09.30-03.35.15:710][  0]LogD3D11RHI: Async texture creation enabled
[2017.09.30-03.35.15:722][  0]LogD3D11RHI: GPU Timing Frequency: 1000.000000 (Debug: 2 1)
[2017.09.30-03.35.15:723][  0]LogShaderCompilers: Guid format shader working directory is 14 characters bigger than the processId version (D:/GitHub/EscapeRoom/EscapeRoom/Intermediate/Shaders/WorkingDirectory/11020/).
[2017.09.30-03.35.15:723][  0]LogShaderCompilers: Cleaned the shader compiler working directory 'C:/Users/dougl/AppData/Local/Temp/UnrealShaderWorkingDir/D86EA3B94520C8A5E1BE3AB3474263FD/'.
[2017.09.30-03.35.15:723][  0]LogShaderCompilers: Display: Using Local Shader Compiler.
[2017.09.30-03.35.16:673][  0]LogTemp: Display: Loaded TP AllDesktopTargetPlatform
[2017.09.30-03.35.16:729][  0]LogTemp: Display: Loaded TP MacClientTargetPlatform
[2017.09.30-03.35.16:783][  0]LogTemp: Display: Loaded TP MacNoEditorTargetPlatform
[2017.09.30-03.35.16:837][  0]LogTemp: Display: Loaded TP MacServerTargetPlatform
[2017.09.30-03.35.16:892][  0]LogTemp: Display: Loaded TP MacTargetPlatform
[2017.09.30-03.35.16:946][  0]LogTemp: Display: Loaded TP WindowsClientTargetPlatform
[2017.09.30-03.35.17:000][  0]LogTemp: Display: Loaded TP WindowsNoEditorTargetPlatform
[2017.09.30-03.35.17:056][  0]LogTemp: Display: Loaded TP WindowsServerTargetPlatform
[2017.09.30-03.35.17:103][  0]LogTemp: Display: Loaded TP WindowsTargetPlatform
[2017.09.30-03.35.17:156][  0]LogTemp: Display: Loaded TP AndroidTargetPlatform
[2017.09.30-03.35.17:209][  0]LogTemp: Display: Loaded TP Android_ASTCTargetPlatform
[2017.09.30-03.35.17:262][  0]LogTemp: Display: Loaded TP Android_ATCTargetPlatform
[2017.09.30-03.35.17:314][  0]LogTemp: Display: Loaded TP Android_DXTTargetPlatform
[2017.09.30-03.35.17:368][  0]LogTemp: Display: Loaded TP Android_ETC1TargetPlatform
[2017.09.30-03.35.17:418][  0]LogTemp: Display: Loaded TP Android_ETC2TargetPlatform
[2017.09.30-03.35.17:525][  0]LogTemp: Display: Loaded TP Android_MultiTargetPlatform
[2017.09.30-03.35.17:525][  0]LogTemp: Display: Loaded TP Android_PVRTCTargetPlatform
[2017.09.30-03.35.17:566][  0]LogTemp: Display: Loaded TP HTML5TargetPlatform
[2017.09.30-03.35.17:665][  0]LogTemp: Display: Loaded TP IOSTargetPlatform
[2017.09.30-03.35.17:698][  0]LogTemp: Display: Loaded TP TVOSTargetPlatform
[2017.09.30-03.35.17:749][  0]LogTemp: Display: Loaded TP LinuxClientTargetPlatform
[2017.09.30-03.35.17:806][  0]LogTemp: Display: Loaded TP LinuxNoEditorTargetPlatform
[2017.09.30-03.35.17:858][  0]LogTemp: Display: Loaded TP LinuxServerTargetPlatform
[2017.09.30-03.35.17:909][  0]LogTemp: Display: Loaded TP LinuxTargetPlatform
[2017.09.30-03.35.17:909][  0]LogTargetPlatformManager: Display: Building Assets For Windows
[2017.09.30-03.35.18:434][  0]LogDerivedDataCache: Display: Max Cache Size: 512 MB
[2017.09.30-03.35.18:533][  0]LogDerivedDataCache: Loaded boot cache 0.10s 93MB C:/Users/dougl/AppData/Local/UnrealEngine/4.17/DerivedDataCache/Boot.ddc.
[2017.09.30-03.35.18:533][  0]LogDerivedDataCache: Display: Loaded Boot cache: C:/Users/dougl/AppData/Local/UnrealEngine/4.17/DerivedDataCache/Boot.ddc
[2017.09.30-03.35.18:533][  0]LogDerivedDataCache: FDerivedDataBackendGraph:  Pak pak cache file D:/GitHub/EscapeRoom/EscapeRoom/DerivedDataCache/DDC.ddp not found, will not use a pak cache.
[2017.09.30-03.35.18:533][  0]LogDerivedDataCache: Unable to find inner node Pak for hierarchical cache Hierarchy.
[2017.09.30-03.35.18:533][  0]LogDerivedDataCache: FDerivedDataBackendGraph:  CompressedPak pak cache file D:/GitHub/EscapeRoom/EscapeRoom/DerivedDataCache/Compressed.ddp not found, will not use a pak cache.
[2017.09.30-03.35.18:533][  0]LogDerivedDataCache: Unable to find inner node CompressedPak for hierarchical cache Hierarchy.
[2017.09.30-03.35.18:548][  0]LogDerivedDataCache: Display: Pak cache opened for reading ../../../Engine/DerivedDataCache/Compressed.ddp.
[2017.09.30-03.35.18:560][  0]LogDerivedDataCache: Using Local data cache path C:/Users/dougl/AppData/Local/UnrealEngine/Common/DerivedDataCache: Writable
[2017.09.30-03.35.18:572][  0]LogMaterial: Verifying Global Shaders for PCD3D_SM5
[2017.09.30-03.35.18:572][  0]LogSlate: Using Freetype 2.6.0
[2017.09.30-03.35.18:572][  0]LogSlate: SlateFontCache - WITH_FREETYPE: 1, WITH_HARFBUZZ: 1
[2017.09.30-03.35.18:572][  0]LogSlate: SlateFontCache - WITH_FREETYPE: 1, WITH_HARFBUZZ: 1
[2017.09.30-03.35.18:838][  0]LogAssetRegistry: FAssetRegistry took 0.0257 seconds to start up
[2017.09.30-03.35.18:952][  0]LogInit: Selected Device Profile: [Windows]
[2017.09.30-03.35.19:124][  0]LogContentStreaming: Texture pool size is 0.00 MB
[2017.09.30-03.35.19:443][  0]LogSimplygon: Simplygon DLL not present - disabling.
[2017.09.30-03.35.19:486][  0]LogMeshReduction: Using SimplygonSwarm for distributed automatic mesh merging
[2017.09.30-03.35.19:486][  0]LogMeshReduction: Using QuadricMeshReduction for automatic static mesh reduction
[2017.09.30-03.35.19:486][  0]LogMeshReduction: No automatic skeletal mesh reduction module available
[2017.09.30-03.35.19:486][  0]LogMeshReduction: No automatic mesh merging module available
[2017.09.30-03.35.19:486][  0]LogMeshMerging: No automatic mesh merging module available
[2017.09.30-03.35.19:878][  0]LogNetVersion: EscapeRoom , NetCL: 3573198, EngineNetVer: 2, GameNetVer: 0 (Checksum: 4184261634)
[2017.09.30-03.35.20:113][  0]LogPackageLocalizationCache: Processed 5 localized package path(s) for 2 prioritized culture(s) in 0.044531 seconds
[2017.09.30-03.35.20:118][  0]LogUObjectArray: 35825 objects as part of root set at end of initial load.
[2017.09.30-03.35.20:118][  0]LogUObjectAllocator: 7529104 out of 0 bytes used by permanent object pool.
[2017.09.30-03.35.20:118][  0]LogUObjectArray: CloseDisregardForGC: 0/0 objects in disregard for GC pool
[2017.09.30-03.35.20:186][  0]LogInit: WinSock: version 1.1 (2.2), MaxSocks=32767, MaxUdp=65467
[2017.09.30-03.35.22:886][  0]LogTcpMessaging: Initializing TcpMessaging bridge
[2017.09.30-03.35.22:930][  0]LogUdpMessaging: Initializing bridge on interface 0.0.0.0:0 to multicast group 230.0.0.1:6666.
[2017.09.30-03.35.23:670][  0]LogMaterial: Uniform references updated for custom material expression Custom.
[2017.09.30-03.35.24:098][  0]SourceControl: Source control is disabled
[2017.09.30-03.35.24:098][  0]SourceControl: Source control is disabled
[2017.09.30-03.35.24:149][  0]SourceControl: Source control is disabled
[2017.09.30-03.35.24:199][  0]SourceControl: Source control is disabled
[2017.09.30-03.35.24:828][  0]LogAndroidPermission: UAndroidPermissionCallbackProxy::GetInstance
[2017.09.30-03.35.25:087][  0]LogOcInput: OculusInput pre-init called
[2017.09.30-03.35.25:360][  0]LogEngine: Initializing Engine...
[2017.09.30-03.35.25:362][  0]LogHMD: Failed to initialize OpenVR with code 110
[2017.09.30-03.35.25:601][  0]LogStats: UGameplayTagsManager::ConstructGameplayTagTree: Construct from data asset -  0.000 s
[2017.09.30-03.35.25:601][  0]LogStats: UGameplayTagsManager::ConstructGameplayTagTree: GameplayTagTreeChangedEvent.Broadcast -  0.000 s
[2017.09.30-03.35.25:738][  0]LogAIModule: Creating AISystem for world Untitled
[2017.09.30-03.35.25:748][  0]LogInit: XAudio2 using 'Speakers (Realtek High Definition Audio)' : 2 channels at 48 kHz using 32 bits per sample (channel mask 0x3)
[2017.09.30-03.35.25:762][  0]LogInit: FAudioDevice initialized.
[2017.09.30-03.35.25:901][  0]LogDerivedDataCache: Saved boot cache 0.14s 93MB C:/Users/dougl/AppData/Local/UnrealEngine/4.17/DerivedDataCache/Boot.ddc.
[2017.09.30-03.35.25:914][  0]LogInit: Texture streaming: Enabled
[2017.09.30-03.35.26:039][  0]LogEngineSessionManager: EngineSessionManager initialized
[2017.09.30-03.35.26:039][  0]LogEngineSessionManager: EngineSessionManager sent abnormal shutdown report. Type=Crashed, SessionId={F76C03F9-4069-2086-440F-30AC81B6F2BF}
[2017.09.30-03.35.26:268][  0]LogInit: Transaction tracking system initialized
[2017.09.30-03.35.26:596][  0]BlueprintLog: New page: Editor Load
[2017.09.30-03.35.27:543][  0]LocalizationService: Localization service is disabled
[2017.09.30-03.35.28:347][  0]LogConsoleResponse: Display: 
[2017.09.30-03.35.28:547][  0]LogCook: Display: Max memory allowance for cook 16384mb min free memory 0mb
[2017.09.30-03.35.28:547][  0]LogCook: Display: Mobile HDR setting 1
[2017.09.30-03.35.28:547][  0]LogGameplayTags: Display: UGameplayTagsManager::DoneAddingNativeTags. DelegateIsBound: 0
[2017.09.30-03.35.28:554][  0]LogFileCache: Scanning file cache for directory 'D:/GitHub/EscapeRoom/EscapeRoom/Content/' took 0.01s
[2017.09.30-03.35.29:677][  0]SourceControl: Source control is disabled
[2017.09.30-03.35.29:743][  0]LogWindowsTextInputMethodSystem: Display: IME system now deactivated.
[2017.09.30-03.35.29:744][  0]LogWindowsTextInputMethodSystem: Display: IME system now deactivated.
[2017.09.30-03.35.29:782][  0]LogSlate: Took 0.000287 seconds to synchronously load lazily loaded font '../../../Engine/Content/Slate/Fonts/Roboto-Regular.ttf' (155K)
[2017.09.30-03.35.37:144][  0]LogWindowsTextInputMethodSystem: Display: IME system now deactivated.
[2017.09.30-03.35.37:144][  0]LogWindowsTextInputMethodSystem: Display: IME system now deactivated.
[2017.09.30-03.35.37:150][  0]LogWindowsTextInputMethodSystem: Display: IME system now deactivated.
[2017.09.30-03.35.37:150][  0]LogWindowsTextInputMethodSystem: Display: IME system now deactivated.
[2017.09.30-03.35.37:180][  0]Cmd: MAP LOAD FILE="D:/GitHub/EscapeRoom/EscapeRoom/Content/NewMap.umap" TEMPLATE=0 SHOWPROGRESS=1 FEATURELEVEL=3
[2017.09.30-03.35.37:181][  0]LightingResults: New page: Lighting Build
[2017.09.30-03.35.37:244][  0]MapCheck: New page: Map Check
[2017.09.30-03.35.37:244][  0]LightingResults: New page: Lighting Build
[2017.09.30-03.35.37:655][  0]LogAIModule: Creating AISystem for world NewMap
[2017.09.30-03.35.37:667][  0]LogEditorServer: Finished looking for orphan Actors (0.000 secs)
[2017.09.30-03.35.37:684][  0]Cmd: MAP CHECKDEP NOCLEARLOG
[2017.09.30-03.35.37:752][  0]MapCheck: Map check complete: 0 Error(s), 0 Warning(s), took 66.816ms to complete.
[2017.09.30-03.35.37:752][  0]LogFileHelpers: Loading map 'NewMap' took 0.571
[2017.09.30-03.35.37:870][  0]LogStats: Warning: MetaData mismatch. Did you assign a stat to two groups? New //STATGROUP_Threads//SplashScreenThread///Thread_978_0///####STATCAT_Advanced#### old //STATGROUP_Threads//SplashScreenThread///Thread_22c0_0///####STATCAT_Advanced####
[2017.09.30-03.35.37:870][  0]LogCollectionManager: Loaded 0 collections in 0.001943 seconds
[2017.09.30-03.35.37:959][  0]LogFileCache: Scanning file cache for directory 'D:/GitHub/EscapeRoom/EscapeRoom/Saved/Collections/' took 0.01s
[2017.09.30-03.35.37:959][  0]LogFileCache: Scanning file cache for directory 'D:/GitHub/EscapeRoom/EscapeRoom/Content/Developers/dougl/Collections/' took 0.01s
[2017.09.30-03.35.37:959][  0]LogFileCache: Scanning file cache for directory 'D:/GitHub/EscapeRoom/EscapeRoom/Content/Collections/' took 0.01s
[2017.09.30-03.35.37:959][  0]LogCollectionManager: Rebuilt the GUID cache for 0 collections in 0.000001 seconds
[2017.09.30-03.35.37:970][  0]LogContentBrowser: Native class hierarchy populated in 0.0106 seconds. Added 2391 classes and 504 folders.
[2017.09.30-03.35.38:040][  0]LogContentBrowser: Native class hierarchy updated for 'WidgetCarousel' in 0.0013 seconds. Added 0 classes and 0 folders.
[2017.09.30-03.35.38:083][  0]LogContentBrowser: Native class hierarchy updated for 'AddContentDialog' in 0.0012 seconds. Added 0 classes and 0 folders.
[2017.09.30-03.35.38:156][  0]LogSlate: Took 0.000173 seconds to synchronously load lazily loaded font '../../../Engine/Content/Slate/Fonts/Roboto-Bold.ttf' (160K)
[2017.09.30-03.35.38:158][  0]LogSlate: Took 0.000127 seconds to synchronously load lazily loaded font '../../../Engine/Content/Editor/Slate/Fonts/FontAwesome.ttf' (139K)
[2017.09.30-03.35.38:158][  0]LogSlate: Took 0.000097 seconds to synchronously load lazily loaded font '../../../Engine/Content/Editor/Slate/Fonts/DroidSansMono.ttf' (77K)
[2017.09.30-03.35.38:285][  0]LogRenderer: Reallocating scene render targets to support 1176x540 Format 10 NumSamples 1 (Frame:1).
[2017.09.30-03.35.38:507][  0]LogContentBrowser: Native class hierarchy updated for 'HierarchicalLODOutliner' in 0.0023 seconds. Added 1 classes and 2 folders.
[2017.09.30-03.35.38:507][  0]LogLoad: (Engine Initialization) Total time: 25.98 seconds
[2017.09.30-03.35.38:507][  0]LogLoad: (Engine Initialization) Total Blueprint compile time: 0.00 seconds
[2017.09.30-03.35.38:507][  0]LogExternalProfiler: No external profilers were discovered.  External profiling features will not be available.
[2017.09.30-03.35.38:547][  0]LogContentStreaming: Texture pool size now 1000 MB
[2017.09.30-03.35.38:567][  1]LogAssetRegistry: Asset discovery search completed in 19.7503 seconds
[2017.09.30-03.35.38:569][  1]LogCollectionManager: Rebuilt the object cache for 0 collections in 0.000000 seconds (found 0 objects)
[2017.09.30-03.35.38:569][  1]LogCollectionManager: Fixed up redirectors for 0 collections in 0.000160 seconds (updated 0 objects)
[2017.09.30-03.35.48:752][597]LogEditorViewport: Clicking on Actor (LMB): BP_Sky_Sphere_C (Sky Sphere)
[2017.09.30-03.35.49:900][663]LogEditorViewport: Clicking on Actor (LMB): StaticMeshActor (Wall_Door_400x301)
[2017.09.30-03.35.52:278][800]LogSlate: Took 0.000169 seconds to synchronously load lazily loaded font '../../../Engine/Content/Editor/Slate/Fonts/Roboto-Italic.ttf' (157K)
[2017.09.30-03.35.53:719][886]Cmd: SELECT NONE
[2017.09.30-03.35.55:091][968]LogTemp: Repeating last play command: Selected Viewport
[2017.09.30-03.35.55:126][968]LogPlayLevel: PlayLevel: No blueprints needed recompiling
[2017.09.30-03.35.55:127][968]PIE: New page: PIE session: NewMap (Sep 29, 2017, 7:35:55 PM)
[2017.09.30-03.35.55:127][968]LogPlayLevel: Creating play world package: /Game/UEDPIE_0_NewMap
[2017.09.30-03.35.55:131][968]LogPlayLevel: PIE: StaticDuplicateObject took: (0.004047s)
[2017.09.30-03.35.55:132][968]LogAIModule: Creating AISystem for world NewMap
[2017.09.30-03.35.55:132][968]LogPlayLevel: PIE: World Init took: (0.001221s)
[2017.09.30-03.35.55:133][968]LogPlayLevel: PIE: Created PIE world by copying editor world from /Game/NewMap.NewMap to /Game/UEDPIE_0_NewMap.NewMap (0.005889s)
[2017.09.30-03.35.55:145][968]LogInit: XAudio2 using 'Speakers (Realtek High Definition Audio)' : 2 channels at 48 kHz using 32 bits per sample (channel mask 0x3)
[2017.09.30-03.35.55:155][968]LogInit: FAudioDevice initialized.
[2017.09.30-03.35.55:196][968]LogLoad: Game class is 'EscapeRoomGameModeBase'
[2017.09.30-03.35.55:201][968]LogWorld: Bringing World /Game/UEDPIE_0_NewMap.NewMap up for play (max tick rate 60) at 2017.09.29-23.35.55
[2017.09.30-03.35.55:201][968]LogWorld: Bringing up level for play took: 0.002456
[2017.09.30-03.35.55:247][968]LogContentBrowser: Native class hierarchy updated for 'MovieSceneCapture' in 0.0012 seconds. Added 11 classes and 0 folders.
[2017.09.30-03.35.55:248][968]LogTemp: Warning:  SM_Chair_2 is at X=440.000 Y=-435.000 Z=20.000.
[2017.09.30-03.35.55:248][968]LogTemp: Warning:  SM_Chair2_4 is at X=440.000 Y=-165.000 Z=20.000.
[2017.09.30-03.35.55:248][968]PIE: Play in editor start time for /Game/UEDPIE_0_NewMap -0.73
[2017.09.30-03.35.55:810][968]LogWindows: Error: === Critical error: ===
[2017.09.30-03.35.55:810][968]LogWindows: Error: 
[2017.09.30-03.35.55:810][968]LogWindows: Error: Fatal error!
[2017.09.30-03.35.55:810][968]LogWindows: Error: 
[2017.09.30-03.35.55:810][968]LogWindows: Error: Unhandled Exception: EXCEPTION_ACCESS_VIOLATION reading address 0x00000340
[2017.09.30-03.35.55:811][968]LogWindows: Error: 
[2017.09.30-03.35.55:811][968]LogWindows: Error: UE4Editor-Engine.dll!0x00000000A12E0775
[2017.09.30-03.35.55:811][968]LogWindows: Error: UE4Editor-EscapeRoom-3227.dll!UOpenDoor::TickComponent() [d:\github\escaperoom\escaperoom\source\escaperoom\opendoor.cpp:48]
[2017.09.30-03.35.55:811][968]LogWindows: Error: UE4Editor-Engine.dll!0x00000000A16A92E4
[2017.09.30-03.35.55:811][968]LogWindows: Error: UE4Editor-Engine.dll!0x00000000A16DE9B5
[2017.09.30-03.35.55:811][968]LogWindows: Error: UE4Editor-Engine.dll!0x00000000A22EAB9B
[2017.09.30-03.35.55:811][968]LogWindows: Error: UE4Editor-Engine.dll!0x00000000A22F163B
[2017.09.30-03.35.55:811][968]LogWindows: Error: UE4Editor-Core.dll!0x00000000A47624F5
[2017.09.30-03.35.55:811][968]LogWindows: Error: UE4Editor-Core.dll!0x00000000A47627F0
[2017.09.30-03.35.55:811][968]LogWindows: Error: UE4Editor-Engine.dll!0x00000000A230DAC3
[2017.09.30-03.35.55:811][968]LogWindows: Error: UE4Editor-Engine.dll!0x00000000A23132B2
[2017.09.30-03.35.55:812][968]LogWindows: Error: UE4Editor-Engine.dll!0x00000000A1C121D4
[2017.09.30-03.35.55:812][968]LogWindows: Error: UE4Editor-Engine.dll!0x00000000A1C1B356
[2017.09.30-03.35.55:812][968]LogWindows: Error: UE4Editor-UnrealEd.dll!0x000000009F7AC942
[2017.09.30-03.35.55:812][968]LogWindows: Error: UE4Editor-UnrealEd.dll!0x00000000A003CEE6
[2017.09.30-03.35.55:812][968]LogWindows: Error: UE4Editor.exe!0x000000004537534A
[2017.09.30-03.35.55:812][968]LogWindows: Error: UE4Editor.exe!0x0000000045383970
[2017.09.30-03.35.55:812][968]LogWindows: Error: UE4Editor.exe!0x00000000453839EA
[2017.09.30-03.35.55:812][968]LogWindows: Error: UE4Editor.exe!0x00000000453902D9
[2017.09.30-03.35.55:812][968]LogWindows: Error: UE4Editor.exe!0x0000000045391C47
[2017.09.30-03.35.55:812][968]LogWindows: Error: KERNEL32.DLL!0x0000000000EA2774
[2017.09.30-03.35.55:812][968]LogWindows: Error: ntdll.dll!0x00000000036A0D51
[2017.09.30-03.35.55:812][968]LogWindows: Error: ntdll.dll!0x00000000036A0D51
[2017.09.30-03.35.55:812][968]LogWindows: Error: 
[2017.09.30-03.35.55:822][968]LogExit: Executing StaticShutdownAfterError
[2017.09.30-03.35.55:825][968]LogWindows: FPlatformMisc::RequestExit(1)
[2017.09.30-03.35.55:825][968]Log file closed, 09/29/17 23:35:55
