Log file open, 09/28/17 15:17:39
LogWindows: LoadLibraryWithSearchPaths failed for file aqProf.dll. GetLastError=0
LogWindows: LoadLibraryWithSearchPaths failed for file VSPerf140.dll. GetLastError=0
LogWindows: LoadLibraryWithSearchPaths failed for file VtuneApi.dll. GetLastError=0
LogWindows: LoadLibraryWithSearchPaths failed for file VtuneApi32e.dll. GetLastError=0
LogInit: Display: Running engine for game: EscapeRoom
LogPlatformFile: Not using cached read wrapper
LogInit: Display: RandInit(-1901529715) SRandInit(-1901529715).
LogTaskGraph: Started task graph with 5 named threads and 14 total threads with 3 sets of task threads.
LogStats: Stats thread started at 0.172642
LogD3D11RHI: Aftermath initialized
LogPluginManager: Mounting plugin Paper2D
LogPluginManager: Mounting plugin LightPropagationVolume
LogPluginManager: Mounting plugin CodeLiteSourceCodeAccess
LogPluginManager: Mounting plugin GitSourceControl
LogPluginManager: Mounting plugin KDevelopSourceCodeAccess
LogPluginManager: Mounting plugin NullSourceCodeAccess
LogPluginManager: Mounting plugin PerforceSourceControl
LogPluginManager: Mounting plugin SubversionSourceControl
LogPluginManager: Mounting plugin UObjectPlugin
LogPluginManager: Mounting plugin VisualStudioSourceCodeAccess
LogPluginManager: Mounting plugin XCodeSourceCodeAccess
LogPluginManager: Mounting plugin AssetManagerEditor
LogPluginManager: Mounting plugin AudioCapture
LogPluginManager: Mounting plugin FacialAnimation
LogPluginManager: Mounting plugin GameplayTagsEditor
LogPluginManager: Mounting plugin MobileLauncherProfileWizard
LogPluginManager: Mounting plugin PluginBrowser
LogPluginManager: Mounting plugin SpeedTreeImporter
LogPluginManager: Mounting plugin AlembicImporter
LogPluginManager: Mounting plugin CharacterAI
LogPluginManager: Mounting plugin HTML5Networking
LogPluginManager: Mounting plugin AndroidMedia
LogPluginManager: Mounting plugin AvfMedia
LogPluginManager: Mounting plugin MediaPlayerEditor
LogPluginManager: Mounting plugin WmfMedia
LogPluginManager: Mounting plugin TcpMessaging
LogPluginManager: Mounting plugin UdpMessaging
LogPluginManager: Mounting plugin LevelSequenceEditor
LogPluginManager: Mounting plugin MatineeToLevelSequence
LogPluginManager: Mounting plugin OnlineSubsystemGooglePlay
LogPluginManager: Mounting plugin OnlineSubsystemIOS
LogPluginManager: Mounting plugin OnlineSubsystem
LogPluginManager: Mounting plugin OnlineSubsystemNull
LogPluginManager: Mounting plugin OnlineSubsystemUtils
LogPluginManager: Mounting plugin AndroidDeviceProfileSelector
LogPluginManager: Mounting plugin AndroidMoviePlayer
LogPluginManager: Mounting plugin AndroidPermission
LogPluginManager: Mounting plugin AppleMoviePlayer
LogPluginManager: Mounting plugin ArchVisCharacter
LogPluginManager: Mounting plugin CableComponent
LogPluginManager: Mounting plugin CustomMeshComponent
LogPluginManager: Mounting plugin ExampleDeviceProfileSelector
LogPluginManager: Mounting plugin GoogleCloudMessaging
LogPluginManager: Mounting plugin ImmediatePhysics
LogPluginManager: Mounting plugin IOSDeviceProfileSelector
LogPluginManager: Mounting plugin LinuxDeviceProfileSelector
LogPluginManager: Mounting plugin LocationServicesBPLibrary
LogPluginManager: Mounting plugin MobilePatchingUtils
LogPluginManager: Mounting plugin OculusVR
LogPluginManager: Mounting plugin PhysXVehicles
LogPluginManager: Mounting plugin ProceduralMeshComponent
LogPluginManager: Mounting plugin RuntimePhysXCooking
LogPluginManager: Mounting plugin SteamVR
LogPluginManager: Mounting plugin WindowsMoviePlayer
LogInit: Using libcurl 7.47.1
LogInit:  - built for x86_64-pc-win32
LogInit:  - supports SSL with OpenSSL/1.0.2g
LogInit:  - supports HTTP deflate (compression) using libz 1.2.8
LogInit:  - other features:
LogInit:      CURL_VERSION_SSL
LogInit:      CURL_VERSION_LIBZ
LogInit:      CURL_VERSION_IPV6
LogInit:      CURL_VERSION_ASYNCHDNS
LogInit:      CURL_VERSION_LARGEFILE
LogInit:      CURL_VERSION_IDN
LogInit:  CurlRequestOptions (configurable via config and command line):
LogInit:  - bVerifyPeer = false  - Libcurl will NOT verify peer certificate
LogInit:  - bUseHttpProxy = false  - Libcurl will NOT use HTTP proxy
LogInit:  - bDontReuseConnections = false  - Libcurl will reuse connections
LogInit:  - CertBundlePath = nullptr  - Libcurl will use whatever was configured at build time.
LogInit: Build: ++UE4+Release-4.17-CL-3586342
LogInit: Engine Version: 4.17.1-3586342+++UE4+Release-4.17
LogInit: Compatible Engine Version: 4.17.0-3573198+++UE4+Release-4.17
LogInit: Net CL: 3573198
LogDevObjectVersion: Number of dev versions registered: 16
LogDevObjectVersion:   Dev-Blueprints (B0D832E4-1F89-4F0D-ACCF-7EB736FD4AA2): 10
LogDevObjectVersion:   Dev-Build (E1C64328-A22C-4D53-A36C-8E866417BD8C): 0
LogDevObjectVersion:   Dev-Core (375EC13C-06E4-48FB-B500-84F0262A717E): 2
LogDevObjectVersion:   Dev-Editor (E4B068ED-F494-42E9-A231-DA0B2E46BB41): 20
LogDevObjectVersion:   Dev-Framework (CFFC743F-43B0-4480-9391-14DF171D2073): 28
LogDevObjectVersion:   Dev-Mobile (B02B49B5-BB20-44E9-A304-32B752E40360): 0
LogDevObjectVersion:   Dev-Networking (A4E4105C-59A1-49B5-A7C5-40C4547EDFEE): 0
LogDevObjectVersion:   Dev-Online (39C831C9-5AE6-47DC-9A44-9C173E1C8E7C): 0
LogDevObjectVersion:   Dev-Physics (78F01B33-EBEA-4F98-B9B4-84EACCB95AA2): 0
LogDevObjectVersion:   Dev-Platform (6631380F-2D4D-43E0-8009-CF276956A95A): 0
LogDevObjectVersion:   Dev-Rendering (12F88B9F-8875-4AFC-A67C-D90C383ABD29): 19
LogDevObjectVersion:   Dev-Sequencer (7B5AE74C-D270-4C10-A958-57980B212A5A): 4
LogDevObjectVersion:   Dev-VR (D7296918-1DD6-4BDD-9DE2-64A83CC13884): 0
LogDevObjectVersion:   Dev-LoadTimes (C2A15278-BFE7-4AFE-6C17-90FF531DF755): 1
LogDevObjectVersion:   Private-Geometry (6EACA3D4-40EC-4CC1-B786-8BED09428FC5): 1
LogDevObjectVersion:   Dev-AnimPhys (29E575DD-E0A3-4627-9D10-D276232CDCEA): 7
LogInit: Compiled (64-bit): Aug 15 2017 02:05:26
LogInit: Compiled with Visual C++: 19.00.24215.01
LogInit: Build Configuration: Development
LogInit: Branch Name: ++UE4+Release-4.17
LogInit: Command line: -EpicPortal 
LogInit: Base directory: C:/Program Files/Epic Games/UE_4.17/Engine/Binaries/Win64/
LogInit: Installed Engine Build: 1
LogInit: Presizing for max 8388607 objects, including 0 objects not considered by GC, pre-allocating 0 bytes for permanent pool.
LogInit: Object subsystem initialized
[2017.09.28-19.17.40:441][  0]LogInit: Selected Device Profile: [Windows]
[2017.09.28-19.17.40:441][  0]LogInit: Applying CVar settings loaded from the selected device profile: [Windows]
[2017.09.28-19.17.40:571][  0]LogInit: Computer: LAPTOP-QBTPNRJC
[2017.09.28-19.17.40:572][  0]LogInit: User: dougl
[2017.09.28-19.17.40:572][  0]LogInit: CPU Page size=4096, Cores=4
[2017.09.28-19.17.40:572][  0]LogInit: High frequency timer resolution =2.531250 MHz
[2017.09.28-19.17.40:572][  0]LogMemory: Memory total: Physical=15.8GB (16GB approx)
[2017.09.28-19.17.40:572][  0]LogMemory: Platform Memory Stats for Windows
[2017.09.28-19.17.40:572][  0]LogMemory: Process Physical Memory: 278.99 MB used, 278.99 MB peak
[2017.09.28-19.17.40:572][  0]LogMemory: Process Virtual Memory: 282.38 MB used, 282.38 MB peak
[2017.09.28-19.17.40:572][  0]LogMemory: Physical Memory: 6284.77 MB used,  9927.02 MB free, 16211.78 MB total
[2017.09.28-19.17.40:572][  0]LogMemory: Virtual Memory: 677.02 MB used,  9927.02 MB free, 134217728.00 MB total
[2017.09.28-19.17.40:815][  0]LogInit: Using OS detected language (en-US).
[2017.09.28-19.17.40:815][  0]LogInit: Using OS detected locale (en-US).
[2017.09.28-19.17.40:818][  0]LogTextLocalizationManager: No specific localization for 'en-US' exists, so the 'en' localization will be used.
[2017.09.28-19.17.41:544][  0]LogD3D11RHI: D3D11 adapters:
[2017.09.28-19.17.41:573][  0]LogD3D11RHI:    0. 'NVIDIA GeForce GTX 960M' (Feature Level 11_0)
[2017.09.28-19.17.41:573][  0]LogD3D11RHI:       4064/0/8105 MB DedicatedVideo/DedicatedSystem/SharedSystem, Outputs:2, VendorId:0x10de
[2017.09.28-19.17.41:581][  0]LogD3D11RHI:    1. 'Intel(R) HD Graphics 530' (Feature Level 11_0)
[2017.09.28-19.17.41:581][  0]LogD3D11RHI:       128/0/8105 MB DedicatedVideo/DedicatedSystem/SharedSystem, Outputs:0, VendorId:0x8086
[2017.09.28-19.17.41:582][  0]LogD3D11RHI:    2. 'Microsoft Basic Render Driver' (Feature Level 11_0)
[2017.09.28-19.17.41:582][  0]LogD3D11RHI:       0/0/8105 MB DedicatedVideo/DedicatedSystem/SharedSystem, Outputs:0, VendorId:0x1414
[2017.09.28-19.17.41:582][  0]LogD3D11RHI: Chosen D3D11 Adapter: 0
[2017.09.28-19.17.41:588][  0]LogD3D11RHI: Creating new Direct3DDevice
[2017.09.28-19.17.41:589][  0]LogD3D11RHI:     GPU DeviceId: 0x139b (for the marketing name, search the web for "GPU Device Id")
[2017.09.28-19.17.41:589][  0]LogWindows: EnumDisplayDevices:
[2017.09.28-19.17.41:589][  0]LogWindows:    0. 'Intel(R) HD Graphics 530' (P:1 D:1)
[2017.09.28-19.17.41:589][  0]LogWindows:    1. 'Intel(R) HD Graphics 530' (P:0 D:1)
[2017.09.28-19.17.41:589][  0]LogWindows:    2. 'Intel(R) HD Graphics 530' (P:0 D:0)
[2017.09.28-19.17.41:589][  0]LogWindows: DebugString: PrimaryIsNotTheChoosenAdapter PrimaryIsNotTheChoosenAdapter PrimaryIsNotTheChoosenAdapter FoundDriverCount:0 
[2017.09.28-19.17.41:589][  0]LogD3D11RHI:     Adapter Name: NVIDIA GeForce GTX 960M
[2017.09.28-19.17.41:589][  0]LogD3D11RHI:   Driver Version: Unknown (internal:Unknown, unified:Unknown)
[2017.09.28-19.17.41:589][  0]LogD3D11RHI:      Driver Date: Unknown
[2017.09.28-19.17.41:589][  0]LogRHI: Texture pool is 1361 MB (70% of 1945 MB)
[2017.09.28-19.17.41:604][  0]LogD3D11RHI: Async texture creation enabled
[2017.09.28-19.17.41:615][  0]LogD3D11RHI: GPU Timing Frequency: 1000.000000 (Debug: 2 1)
[2017.09.28-19.17.41:617][  0]LogShaderCompilers: Guid format shader working directory is 15 characters bigger than the processId version (D:/GitHub/EscapeRoom/EscapeRoom/Intermediate/Shaders/WorkingDirectory/6360/).
[2017.09.28-19.17.41:617][  0]LogShaderCompilers: Cleaned the shader compiler working directory 'C:/Users/dougl/AppData/Local/Temp/UnrealShaderWorkingDir/099159CC4B73C881643694907086BF9F/'.
[2017.09.28-19.17.41:617][  0]LogShaderCompilers: Display: Using Local Shader Compiler.
[2017.09.28-19.17.42:567][  0]LogTemp: Display: Loaded TP AllDesktopTargetPlatform
[2017.09.28-19.17.42:625][  0]LogTemp: Display: Loaded TP MacClientTargetPlatform
[2017.09.28-19.17.42:679][  0]LogTemp: Display: Loaded TP MacNoEditorTargetPlatform
[2017.09.28-19.17.42:729][  0]LogTemp: Display: Loaded TP MacServerTargetPlatform
[2017.09.28-19.17.42:778][  0]LogTemp: Display: Loaded TP MacTargetPlatform
[2017.09.28-19.17.42:827][  0]LogTemp: Display: Loaded TP WindowsClientTargetPlatform
[2017.09.28-19.17.42:877][  0]LogTemp: Display: Loaded TP WindowsNoEditorTargetPlatform
[2017.09.28-19.17.42:930][  0]LogTemp: Display: Loaded TP WindowsServerTargetPlatform
[2017.09.28-19.17.42:980][  0]LogTemp: Display: Loaded TP WindowsTargetPlatform
[2017.09.28-19.17.43:032][  0]LogTemp: Display: Loaded TP AndroidTargetPlatform
[2017.09.28-19.17.43:083][  0]LogTemp: Display: Loaded TP Android_ASTCTargetPlatform
[2017.09.28-19.17.43:135][  0]LogTemp: Display: Loaded TP Android_ATCTargetPlatform
[2017.09.28-19.17.43:193][  0]LogTemp: Display: Loaded TP Android_DXTTargetPlatform
[2017.09.28-19.17.43:247][  0]LogTemp: Display: Loaded TP Android_ETC1TargetPlatform
[2017.09.28-19.17.43:306][  0]LogTemp: Display: Loaded TP Android_ETC2TargetPlatform
[2017.09.28-19.17.43:427][  0]LogTemp: Display: Loaded TP Android_MultiTargetPlatform
[2017.09.28-19.17.43:427][  0]LogTemp: Display: Loaded TP Android_PVRTCTargetPlatform
[2017.09.28-19.17.43:472][  0]LogTemp: Display: Loaded TP HTML5TargetPlatform
[2017.09.28-19.17.43:578][  0]LogTemp: Display: Loaded TP IOSTargetPlatform
[2017.09.28-19.17.43:611][  0]LogTemp: Display: Loaded TP TVOSTargetPlatform
[2017.09.28-19.17.43:668][  0]LogTemp: Display: Loaded TP LinuxClientTargetPlatform
[2017.09.28-19.17.43:723][  0]LogTemp: Display: Loaded TP LinuxNoEditorTargetPlatform
[2017.09.28-19.17.43:779][  0]LogTemp: Display: Loaded TP LinuxServerTargetPlatform
[2017.09.28-19.17.43:832][  0]LogTemp: Display: Loaded TP LinuxTargetPlatform
[2017.09.28-19.17.43:832][  0]LogTargetPlatformManager: Display: Building Assets For Windows
[2017.09.28-19.17.44:321][  0]LogDerivedDataCache: Display: Max Cache Size: 512 MB
[2017.09.28-19.17.44:409][  0]LogDerivedDataCache: Loaded boot cache 0.09s 93MB C:/Users/dougl/AppData/Local/UnrealEngine/4.17/DerivedDataCache/Boot.ddc.
[2017.09.28-19.17.44:409][  0]LogDerivedDataCache: Display: Loaded Boot cache: C:/Users/dougl/AppData/Local/UnrealEngine/4.17/DerivedDataCache/Boot.ddc
[2017.09.28-19.17.44:410][  0]LogDerivedDataCache: FDerivedDataBackendGraph:  Pak pak cache file D:/GitHub/EscapeRoom/EscapeRoom/DerivedDataCache/DDC.ddp not found, will not use a pak cache.
[2017.09.28-19.17.44:410][  0]LogDerivedDataCache: Unable to find inner node Pak for hierarchical cache Hierarchy.
[2017.09.28-19.17.44:410][  0]LogDerivedDataCache: FDerivedDataBackendGraph:  CompressedPak pak cache file D:/GitHub/EscapeRoom/EscapeRoom/DerivedDataCache/Compressed.ddp not found, will not use a pak cache.
[2017.09.28-19.17.44:410][  0]LogDerivedDataCache: Unable to find inner node CompressedPak for hierarchical cache Hierarchy.
[2017.09.28-19.17.44:425][  0]LogDerivedDataCache: Display: Pak cache opened for reading ../../../Engine/DerivedDataCache/Compressed.ddp.
[2017.09.28-19.17.44:437][  0]LogDerivedDataCache: Using Local data cache path C:/Users/dougl/AppData/Local/UnrealEngine/Common/DerivedDataCache: Writable
[2017.09.28-19.17.44:446][  0]LogMaterial: Verifying Global Shaders for PCD3D_SM5
[2017.09.28-19.17.44:447][  0]LogSlate: Using Freetype 2.6.0
[2017.09.28-19.17.44:447][  0]LogSlate: SlateFontCache - WITH_FREETYPE: 1, WITH_HARFBUZZ: 1
[2017.09.28-19.17.44:447][  0]LogSlate: SlateFontCache - WITH_FREETYPE: 1, WITH_HARFBUZZ: 1
[2017.09.28-19.17.44:812][  0]LogAssetRegistry: FAssetRegistry took 0.0260 seconds to start up
[2017.09.28-19.17.44:927][  0]LogInit: Selected Device Profile: [Windows]
[2017.09.28-19.17.45:104][  0]LogContentStreaming: Texture pool size is 0.00 MB
[2017.09.28-19.17.45:466][  0]LogSimplygon: Simplygon DLL not present - disabling.
[2017.09.28-19.17.45:513][  0]LogMeshReduction: Using SimplygonSwarm for distributed automatic mesh merging
[2017.09.28-19.17.45:513][  0]LogMeshReduction: Using QuadricMeshReduction for automatic static mesh reduction
[2017.09.28-19.17.45:513][  0]LogMeshReduction: No automatic skeletal mesh reduction module available
[2017.09.28-19.17.45:513][  0]LogMeshReduction: No automatic mesh merging module available
[2017.09.28-19.17.45:513][  0]LogMeshMerging: No automatic mesh merging module available
[2017.09.28-19.17.45:893][  0]LogNetVersion: EscapeRoom , NetCL: 3573198, EngineNetVer: 2, GameNetVer: 0 (Checksum: 4184261634)
[2017.09.28-19.17.46:124][  0]LogPackageLocalizationCache: Processed 5 localized package path(s) for 2 prioritized culture(s) in 0.050103 seconds
[2017.09.28-19.17.46:129][  0]LogUObjectArray: 35825 objects as part of root set at end of initial load.
[2017.09.28-19.17.46:129][  0]LogUObjectAllocator: 7529104 out of 0 bytes used by permanent object pool.
[2017.09.28-19.17.46:129][  0]LogUObjectArray: CloseDisregardForGC: 0/0 objects in disregard for GC pool
[2017.09.28-19.17.46:190][  0]LogInit: WinSock: version 1.1 (2.2), MaxSocks=32767, MaxUdp=65467
[2017.09.28-19.17.48:933][  0]LogTcpMessaging: Initializing TcpMessaging bridge
[2017.09.28-19.17.48:978][  0]LogUdpMessaging: Initializing bridge on interface 0.0.0.0:0 to multicast group 230.0.0.1:6666.
[2017.09.28-19.17.49:722][  0]LogMaterial: Uniform references updated for custom material expression Custom.
[2017.09.28-19.17.50:251][  0]SourceControl: Source control is disabled
[2017.09.28-19.17.50:251][  0]SourceControl: Source control is disabled
[2017.09.28-19.17.50:309][  0]SourceControl: Source control is disabled
[2017.09.28-19.17.50:361][  0]SourceControl: Source control is disabled
[2017.09.28-19.17.51:048][  0]LogAndroidPermission: UAndroidPermissionCallbackProxy::GetInstance
[2017.09.28-19.17.51:329][  0]LogOcInput: OculusInput pre-init called
[2017.09.28-19.17.51:614][  0]LogEngine: Initializing Engine...
[2017.09.28-19.17.51:615][  0]LogHMD: Failed to initialize OpenVR with code 110
[2017.09.28-19.17.51:888][  0]LogStats: UGameplayTagsManager::ConstructGameplayTagTree: Construct from data asset -  0.000 s
[2017.09.28-19.17.51:888][  0]LogStats: UGameplayTagsManager::ConstructGameplayTagTree: GameplayTagTreeChangedEvent.Broadcast -  0.000 s
[2017.09.28-19.17.52:034][  0]LogAIModule: Creating AISystem for world Untitled
[2017.09.28-19.17.52:047][  0]LogInit: XAudio2 using 'Speakers (Realtek High Definition Audio)' : 2 channels at 48 kHz using 32 bits per sample (channel mask 0x3)
[2017.09.28-19.17.52:087][  0]LogInit: FAudioDevice initialized.
[2017.09.28-19.17.52:221][  0]LogDerivedDataCache: Saved boot cache 0.13s 93MB C:/Users/dougl/AppData/Local/UnrealEngine/4.17/DerivedDataCache/Boot.ddc.
[2017.09.28-19.17.52:235][  0]LogInit: Texture streaming: Enabled
[2017.09.28-19.17.52:351][  0]LogEngineSessionManager: EngineSessionManager initialized
[2017.09.28-19.17.52:578][  0]LogInit: Transaction tracking system initialized
[2017.09.28-19.17.52:933][  0]BlueprintLog: New page: Editor Load
[2017.09.28-19.17.53:914][  0]LocalizationService: Localization service is disabled
[2017.09.28-19.17.54:723][  0]LogConsoleResponse: Display: 
[2017.09.28-19.17.54:956][  0]LogCook: Display: Max memory allowance for cook 16384mb min free memory 0mb
[2017.09.28-19.17.54:957][  0]LogCook: Display: Mobile HDR setting 1
[2017.09.28-19.17.54:957][  0]LogGameplayTags: Display: UGameplayTagsManager::DoneAddingNativeTags. DelegateIsBound: 0
[2017.09.28-19.17.55:566][  0]LogFileCache: Scanning file cache for directory 'D:/GitHub/EscapeRoom/EscapeRoom/Content/' took 0.02s
[2017.09.28-19.17.56:181][  0]SourceControl: Source control is disabled
[2017.09.28-19.17.56:181][  0]Cmd: MAP LOAD FILE="D:/GitHub/EscapeRoom/EscapeRoom/Content/NewMap.umap" TEMPLATE=0 SHOWPROGRESS=1 FEATURELEVEL=3
[2017.09.28-19.17.56:181][  0]LightingResults: New page: Lighting Build
[2017.09.28-19.17.56:229][  0]MapCheck: New page: Map Check
[2017.09.28-19.17.56:229][  0]LightingResults: New page: Lighting Build
[2017.09.28-19.17.56:596][  0]LogAIModule: Creating AISystem for world NewMap
[2017.09.28-19.17.56:609][  0]LogEditorServer: Finished looking for orphan Actors (0.000 secs)
[2017.09.28-19.17.56:621][  0]Cmd: MAP CHECKDEP NOCLEARLOG
[2017.09.28-19.17.56:675][  0]MapCheck: Map check complete: 0 Error(s), 0 Warning(s), took 53.97ms to complete.
[2017.09.28-19.17.56:675][  0]LogFileHelpers: Loading map 'NewMap' took 0.494
[2017.09.28-19.17.56:749][  0]LogWindowsTextInputMethodSystem: Display: IME system now deactivated.
[2017.09.28-19.17.56:750][  0]LogWindowsTextInputMethodSystem: Display: IME system now deactivated.
[2017.09.28-19.17.56:908][  0]LogCollectionManager: Loaded 0 collections in 0.001746 seconds
[2017.09.28-19.17.57:015][  0]LogFileCache: Scanning file cache for directory 'D:/GitHub/EscapeRoom/EscapeRoom/Saved/Collections/' took 0.01s
[2017.09.28-19.17.57:015][  0]LogFileCache: Scanning file cache for directory 'D:/GitHub/EscapeRoom/EscapeRoom/Content/Developers/dougl/Collections/' took 0.01s
[2017.09.28-19.17.57:015][  0]LogFileCache: Scanning file cache for directory 'D:/GitHub/EscapeRoom/EscapeRoom/Content/Collections/' took 0.01s
[2017.09.28-19.17.57:015][  0]LogCollectionManager: Rebuilt the GUID cache for 0 collections in 0.000002 seconds
[2017.09.28-19.17.57:025][  0]LogContentBrowser: Native class hierarchy populated in 0.0095 seconds. Added 2388 classes and 502 folders.
[2017.09.28-19.17.57:102][  0]LogContentBrowser: Native class hierarchy updated for 'WidgetCarousel' in 0.0015 seconds. Added 0 classes and 0 folders.
[2017.09.28-19.17.57:503][  0]LogContentBrowser: Native class hierarchy updated for 'AddContentDialog' in 0.0013 seconds. Added 0 classes and 0 folders.
[2017.09.28-19.17.57:562][  0]LogContentBrowser: Native class hierarchy updated for 'SceneOutliner' in 0.0013 seconds. Added 1 classes and 2 folders.
[2017.09.28-19.17.57:642][  0]LogSlate: Took 0.000450 seconds to synchronously load lazily loaded font '../../../Engine/Content/Slate/Fonts/Roboto-Regular.ttf' (155K)
[2017.09.28-19.17.57:645][  0]LogSlate: Took 0.000341 seconds to synchronously load lazily loaded font '../../../Engine/Content/Slate/Fonts/Roboto-Bold.ttf' (160K)
[2017.09.28-19.17.57:664][  0]LogSlate: Took 0.008964 seconds to synchronously load lazily loaded font '../../../Engine/Content/Editor/Slate/Fonts/FontAwesome.ttf' (139K)
[2017.09.28-19.17.57:832][  0]LogRenderer: Reallocating scene render targets to support 756x436 Format 10 NumSamples 1 (Frame:1).
[2017.09.28-19.17.57:917][  0]LogSlate: Took 0.006842 seconds to synchronously load lazily loaded font '../../../Engine/Content/Slate/Fonts/Roboto-Light.ttf' (159K)
[2017.09.28-19.17.58:126][  0]LogContentBrowser: Native class hierarchy updated for 'HierarchicalLODOutliner' in 0.0014 seconds. Added 1 classes and 2 folders.
[2017.09.28-19.17.58:126][  0]LogLoad: (Engine Initialization) Total time: 20.38 seconds
[2017.09.28-19.17.58:126][  0]LogLoad: (Engine Initialization) Total Blueprint compile time: 0.00 seconds
[2017.09.28-19.17.58:126][  0]LogExternalProfiler: No external profilers were discovered.  External profiling features will not be available.
[2017.09.28-19.17.58:169][  0]LogContentStreaming: Texture pool size now 1000 MB
[2017.09.28-19.17.58:219][  1]LogAssetRegistry: Asset discovery search completed in 13.4295 seconds
[2017.09.28-19.17.58:222][  1]LogCollectionManager: Rebuilt the object cache for 0 collections in 0.000001 seconds (found 0 objects)
[2017.09.28-19.17.58:222][  1]LogCollectionManager: Fixed up redirectors for 0 collections in 0.000094 seconds (updated 0 objects)
[2017.09.28-19.19.23:955][770]LogEditorViewport: Clicking on Actor (LMB): StaticMeshActor (SM_Chair)
[2017.09.28-19.19.36:042][215]LogRenderer: Reallocating scene render targets to support 948x436 Format 10 NumSamples 1 (Frame:885).
[2017.09.28-19.19.44:699][730]LogRenderer: Reallocating scene render targets to support 952x436 Format 10 NumSamples 1 (Frame:1202).
[2017.09.28-19.19.44:742][731]LogRenderer: Reallocating scene render targets to support 964x436 Format 10 NumSamples 1 (Frame:1204).
[2017.09.28-19.19.44:783][732]LogRenderer: Reallocating scene render targets to support 984x436 Format 10 NumSamples 1 (Frame:1206).
[2017.09.28-19.19.44:829][733]LogRenderer: Reallocating scene render targets to support 1012x436 Format 10 NumSamples 1 (Frame:1208).
[2017.09.28-19.19.44:899][734]LogRenderer: Reallocating scene render targets to support 1048x436 Format 10 NumSamples 1 (Frame:1210).
[2017.09.28-19.19.44:959][735]LogRenderer: Reallocating scene render targets to support 1060x436 Format 10 NumSamples 1 (Frame:1212).
[2017.09.28-19.19.45:023][736]LogRenderer: Reallocating scene render targets to support 1072x436 Format 10 NumSamples 1 (Frame:1214).
[2017.09.28-19.19.45:077][737]LogRenderer: Reallocating scene render targets to support 1092x436 Format 10 NumSamples 1 (Frame:1216).
[2017.09.28-19.19.45:141][738]LogRenderer: Reallocating scene render targets to support 1100x436 Format 10 NumSamples 1 (Frame:1218).
[2017.09.28-19.19.45:734][772]LogRenderer: Reallocating scene render targets to support 1104x436 Format 10 NumSamples 1 (Frame:1220).
[2017.09.28-19.19.45:787][773]LogRenderer: Reallocating scene render targets to support 1112x436 Format 10 NumSamples 1 (Frame:1222).
[2017.09.28-19.19.45:843][774]LogRenderer: Reallocating scene render targets to support 1120x436 Format 10 NumSamples 1 (Frame:1224).
[2017.09.28-19.19.45:883][775]LogRenderer: Reallocating scene render targets to support 1124x436 Format 10 NumSamples 1 (Frame:1226).
[2017.09.28-19.19.45:944][776]LogRenderer: Reallocating scene render targets to support 1128x436 Format 10 NumSamples 1 (Frame:1228).
[2017.09.28-19.19.46:060][780]LogRenderer: Reallocating scene render targets to support 1132x436 Format 10 NumSamples 1 (Frame:1232).
[2017.09.28-19.19.46:115][781]LogRenderer: Reallocating scene render targets to support 1140x436 Format 10 NumSamples 1 (Frame:1234).
[2017.09.28-19.19.46:177][782]LogRenderer: Reallocating scene render targets to support 1144x436 Format 10 NumSamples 1 (Frame:1236).
[2017.09.28-19.19.46:224][783]LogRenderer: Reallocating scene render targets to support 1148x436 Format 10 NumSamples 1 (Frame:1238).
[2017.09.28-19.19.46:273][784]LogRenderer: Reallocating scene render targets to support 1152x436 Format 10 NumSamples 1 (Frame:1240).
[2017.09.28-19.19.46:336][785]LogRenderer: Reallocating scene render targets to support 1160x436 Format 10 NumSamples 1 (Frame:1242).
[2017.09.28-19.19.46:383][786]LogRenderer: Reallocating scene render targets to support 1168x436 Format 10 NumSamples 1 (Frame:1244).
[2017.09.28-19.19.46:437][787]LogRenderer: Reallocating scene render targets to support 1172x436 Format 10 NumSamples 1 (Frame:1246).
[2017.09.28-19.19.48:162][887]LogRenderer: Reallocating scene render targets to support 1176x436 Format 10 NumSamples 1 (Frame:1250).
[2017.09.28-19.19.51:293][ 71]LogRenderer: Reallocating scene render targets to support 1176x708 Format 10 NumSamples 1 (Frame:1398).
[2017.09.28-19.20.07:987][ 64]LogEditorViewport: Clicking on Actor (LMB): StaticMeshActor (SM_Chair)
[2017.09.28-19.20.15:318][502]LogEditorViewport: Clicking on Actor (LMB): BP_Sky_Sphere_C (Sky Sphere)
[2017.09.28-19.20.16:350][561]LogEditorViewport: Clicking on Actor (LMB): StaticMeshActor (SM_Chair)
[2017.09.28-19.21.06:533][494]LogSlate: Took 0.000160 seconds to synchronously load lazily loaded font '../../../Engine/Content/Slate/Fonts/Roboto-Light.ttf' (159K)
[2017.09.28-19.22.36:938][173]LogSlate: Took 0.000174 seconds to synchronously load lazily loaded font '../../../Engine/Content/Slate/Fonts/Roboto-Light.ttf' (159K)
[2017.09.28-19.24.36:509][646]LogEditorViewport: Clicking on Actor (LMB): StaticMeshActor (Floor)
[2017.09.28-19.24.37:430][690]LogEditorViewport: Clicking on Actor (LMB): AtmosphericFog (Atmospheric Fog)
[2017.09.28-19.24.43:589][ 45]LogEditorViewport: Clicking on Actor (LMB): StaticMeshActor (Floor)
[2017.09.28-19.24.49:733][407]LogEditorViewport: Clicking on Actor (LMB): StaticMeshActor (SM_Chair)
[2017.09.28-19.24.57:719][880]LogEditorViewport: Clicking on Actor (LMB): BP_Sky_Sphere_C (Sky Sphere)
[2017.09.28-19.24.58:873][947]LogEditorViewport: Clicking on Actor (LMB): StaticMeshActor (Floor)
[2017.09.28-19.24.59:428][977]LogEditorViewport: Clicking on Actor (LMB): StaticMeshActor (SM_Chair)
[2017.09.28-19.25.00:763][ 54]LogEditorViewport: Clicking on Actor (context menu): StaticMeshActor (SM_Chair)
[2017.09.28-19.25.16:339][980]LogSlate: Took 0.005374 seconds to synchronously load lazily loaded font '../../../Engine/Content/Editor/Slate/Fonts/Roboto-BoldCondensed.ttf' (158K)
[2017.09.28-19.26.34:301][859]Cmd: TRANSACTION UNDO
[2017.09.28-19.26.34:301][859]LogEditorTransaction: Undo Clicking on Component (tree view)
[2017.09.28-19.26.34:677][879]Cmd: TRANSACTION UNDO
[2017.09.28-19.26.34:677][879]LogEditorTransaction: Undo Clicking on Actors (context menu)
[2017.09.28-19.26.35:907][952]Cmd: TRANSACTION UNDO
[2017.09.28-19.26.35:907][952]LogEditorTransaction: Undo Clicking on Actors
[2017.09.28-19.26.36:137][964]Cmd: TRANSACTION UNDO
[2017.09.28-19.26.36:137][964]LogEditorTransaction: Undo Clicking on Actors
[2017.09.28-19.26.36:344][976]Cmd: TRANSACTION UNDO
[2017.09.28-19.26.36:344][976]LogEditorTransaction: Undo Clicking on Actors
[2017.09.28-19.26.36:544][987]Cmd: TRANSACTION UNDO
[2017.09.28-19.26.36:544][987]LogEditorTransaction: Undo Move Actors
[2017.09.28-19.26.36:714][997]Cmd: TRANSACTION UNDO
[2017.09.28-19.26.36:714][997]LogEditorTransaction: Undo Move Actors
[2017.09.28-19.26.36:948][ 11]Cmd: TRANSACTION UNDO
[2017.09.28-19.26.36:948][ 11]LogEditorTransaction: Undo Clicking on Actors
[2017.09.28-19.26.37:129][ 20]Cmd: TRANSACTION UNDO
[2017.09.28-19.26.37:129][ 20]LogEditorTransaction: Undo Move Actors
[2017.09.28-19.26.37:317][ 31]Cmd: TRANSACTION UNDO
[2017.09.28-19.26.37:317][ 31]LogEditorTransaction: Undo Clicking on Actors
[2017.09.28-19.26.37:485][ 40]Cmd: TRANSACTION UNDO
[2017.09.28-19.26.37:485][ 40]LogEditorTransaction: Undo Move Actors
[2017.09.28-19.26.37:674][ 50]Cmd: TRANSACTION UNDO
[2017.09.28-19.26.37:674][ 50]LogEditorTransaction: Undo Move Actors
[2017.09.28-19.26.37:866][ 61]Cmd: TRANSACTION UNDO
[2017.09.28-19.26.37:866][ 61]LogEditorTransaction: Undo Clicking on Actors
[2017.09.28-19.26.38:030][ 68]Cmd: TRANSACTION UNDO
[2017.09.28-19.26.38:030][ 68]LogEditorTransaction: Undo Clicking on Actors
[2017.09.28-19.26.38:245][ 80]Cmd: TRANSACTION UNDO
[2017.09.28-19.26.38:245][ 80]LogEditorTransaction: Undo Clicking on Actors
[2017.09.28-19.26.38:417][ 90]Cmd: TRANSACTION UNDO
[2017.09.28-19.26.38:417][ 90]LogEditorTransaction: Undo Clicking on Actors
[2017.09.28-19.26.38:601][101]Cmd: TRANSACTION UNDO
[2017.09.28-19.26.38:601][101]LogEditorTransaction: Undo Clicking on Actors
[2017.09.28-19.26.38:800][112]Cmd: TRANSACTION UNDO
[2017.09.28-19.26.38:800][112]LogEditorTransaction: Undo Clicking on Component (tree view)
[2017.09.28-19.26.38:988][122]Cmd: TRANSACTION UNDO
[2017.09.28-19.26.38:988][122]LogEditorTransaction: Undo Clicking on Actors
[2017.09.28-19.26.39:136][130]Cmd: TRANSACTION UNDO
[2017.09.28-19.26.39:136][130]LogEditorTransaction: Undo Clicking on Actors
[2017.09.28-19.26.39:305][139]Cmd: TRANSACTION UNDO
[2017.09.28-19.26.39:305][139]LogEditorTransaction: Undo Clicking on Actors
[2017.09.28-19.26.39:488][150]Cmd: TRANSACTION UNDO
[2017.09.28-19.26.39:488][150]LogEditorTransaction: Undo Clicking on Actors
[2017.09.28-19.26.41:610][277]LogEditorViewport: Clicking on Actor (CTRL LMB): StaticMeshActor (Floor)
[2017.09.28-19.26.42:237][312]Cmd: TRANSACTION UNDO
[2017.09.28-19.26.42:237][312]LogEditorTransaction: Undo Clicking on Actors
[2017.09.28-19.26.43:055][361]LogEditorViewport: Clicking on Actor (LMB): StaticMeshActor (SM_Chair)
[2017.09.28-19.27.05:580][698]LogEditorViewport: Clicking on Actor (LMB): StaticMeshActor (Floor)
[2017.09.28-19.27.07:661][820]LogEditorViewport: Clicking on Actor (LMB): BP_Sky_Sphere_C (Sky Sphere)
[2017.09.28-19.27.08:564][872]LogEditorViewport: Clicking on Actor (LMB): BP_Sky_Sphere_C (Sky Sphere)
[2017.09.28-19.27.09:986][956]LogEditorViewport: Clicking on Actor (LMB): SkyLight (SkyLight)
[2017.09.28-19.27.17:501][399]LogEditorViewport: Clicking on Actor (LMB): BP_Sky_Sphere_C (Sky Sphere)
[2017.09.28-19.27.18:754][472]Cmd: TRANSACTION UNDO
[2017.09.28-19.27.18:754][472]LogEditorTransaction: Undo Clicking on Actors
[2017.09.28-19.27.19:137][493]Cmd: TRANSACTION UNDO
[2017.09.28-19.27.19:137][493]LogEditorTransaction: Undo Move Actors
[2017.09.28-19.27.19:577][518]Cmd: TRANSACTION UNDO
[2017.09.28-19.27.19:577][518]LogEditorTransaction: Undo Move Actors
[2017.09.28-19.27.19:960][541]Cmd: TRANSACTION UNDO
[2017.09.28-19.27.19:960][541]LogEditorTransaction: Undo Move Actors
[2017.09.28-19.27.20:310][562]Cmd: TRANSACTION UNDO
[2017.09.28-19.27.20:310][562]LogEditorTransaction: Undo Clicking on Actors
[2017.09.28-19.27.20:725][586]Cmd: TRANSACTION UNDO
[2017.09.28-19.27.20:725][586]LogEditorTransaction: Undo Clicking on Actors
[2017.09.28-19.27.21:108][609]Cmd: TRANSACTION UNDO
[2017.09.28-19.27.21:108][609]LogEditorTransaction: Undo Clicking on Actors
[2017.09.28-19.27.21:462][629]Cmd: TRANSACTION UNDO
[2017.09.28-19.27.21:462][629]LogEditorTransaction: Undo Clicking on Actors
[2017.09.28-19.27.21:805][649]Cmd: TRANSACTION UNDO
[2017.09.28-19.27.21:805][649]LogEditorTransaction: Undo Create Actors
[2017.09.28-19.27.22:276][675]Cmd: TRANSACTION UNDO
[2017.09.28-19.27.22:276][675]LogEditorTransaction: Undo Move Actors
[2017.09.28-19.27.24:230][792]Cmd: TRANSACTION REDO
[2017.09.28-19.27.24:230][792]LogEditorTransaction: Redo Move Actors
[2017.09.28-19.27.25:851][889]LogEditorViewport: Clicking on Actor (LMB): StaticMeshActor (Floor)
[2017.09.28-19.27.28:611][ 52]LogEditorViewport: Clicking on Actor (LMB): StaticMeshActor (SM_Chair)
[2017.09.28-19.28.36:241][922]LogEditorViewport: Clicking on Actor (LMB): StaticMeshActor (Floor)
[2017.09.28-19.28.41:166][213]LogEditorViewport: Clicking on Actor (LMB): BP_Sky_Sphere_C (Sky Sphere)
[2017.09.28-19.29.04:663][480]LogContentBrowser: Native class hierarchy updated for 'BlueprintGraph' in 0.0025 seconds. Added 113 classes and 0 folders.
[2017.09.28-19.29.05:739][481]LogSlate: Took 0.005427 seconds to synchronously load lazily loaded font '../../../Engine/Content/Editor/Slate/Fonts/Roboto-Italic.ttf' (157K)
[2017.09.28-19.29.25:527][647]LogEditorViewport: Clicking on Actor (LMB): StaticMeshActor (Floor)
[2017.09.28-19.29.26:117][679]LogEditorViewport: Clicking on Actor (LMB): StaticMeshActor (SM_Chair)
[2017.09.28-19.30.13:233][479]LogEditorViewport: Clicking on Actor (LMB): BP_Sky_Sphere_C (Sky Sphere)
[2017.09.28-19.30.14:155][532]LogEditorViewport: Clicking on Actor (LMB): BP_Sky_Sphere_C (Sky Sphere)
[2017.09.28-19.30.24:823][883]Cmd: MAP LOAD FILE="../../../Engine/Content/Maps/Templates/Template_Default.umap" TEMPLATE=1 SHOWPROGRESS=1 FEATURELEVEL=3
[2017.09.28-19.30.24:845][883]LightingResults: New page: Lighting Build
[2017.09.28-19.30.24:846][883]LoadErrors: New page: Loading map: Template_Default.umap
[2017.09.28-19.30.24:852][883]MapCheck: New page: Map Check
[2017.09.28-19.30.24:852][883]LightingResults: New page: Lighting Build
[2017.09.28-19.30.24:892][883]LogAIModule: Creating AISystem for world Untitled_1
[2017.09.28-19.30.24:907][883]LogEditorServer: Finished looking for orphan Actors (0.000 secs)
[2017.09.28-19.30.24:933][883]Cmd: MAP CHECKDEP NOCLEARLOG
[2017.09.28-19.30.24:990][883]MapCheck: Map check complete: 0 Error(s), 0 Warning(s), took 56.474ms to complete.
[2017.09.28-19.30.24:990][883]LogFileHelpers: Loading map 'Template_Default' took 0.168
[2017.09.28-19.30.34:118][420]LogActorFactory: Actor Factory created SM_Chair
[2017.09.28-19.30.36:993][592]LogActorFactory: Actor Factory created SM_Chair
[2017.09.28-19.30.37:977][649]LogEditorViewport: Clicking on Actor (LMB): StaticMeshActor (Floor)
[2017.09.28-19.30.38:760][694]LogEditorViewport: Clicking on Actor (LMB): StaticMeshActor (SM_Chair)
[2017.09.28-19.30.39:565][739]LogEditorViewport: Clicking on Actor (LMB): StaticMeshActor (SM_Chair)
[2017.09.28-19.31.47:947][216]LogEditorViewport: Clicking on Actor (LMB): StaticMeshActor (SM_Chair)
[2017.09.28-19.31.48:420][239]LogEditorViewport: Clicking on Actor (LMB): StaticMeshActor (SM_Chair)
[2017.09.28-19.31.49:187][284]LogEditorViewport: Clicking on Actor (LMB): StaticMeshActor (SM_Chair)
[2017.09.28-19.33.40:147][919]LogEditorViewport: Clicking on Actor (LMB): StaticMeshActor (SM_Chair)
[2017.09.28-19.33.59:231][945]Cmd: QUIT_EDITOR
[2017.09.28-19.33.59:243][945]LogWindowsTextInputMethodSystem: Display: IME system now deactivated.
[2017.09.28-19.33.59:243][945]LogWindowsTextInputMethodSystem: Display: IME system now deactivated.
[2017.09.28-19.33.59:256][945]LogExit: Preparing to exit.
[2017.09.28-19.34.00:439][945]LogExit: Editor shut down
[2017.09.28-19.34.00:445][945]LogExit: Transaction tracking system shut down
[2017.09.28-19.34.00:587][945]LogDirectoryWatcher: A directory notification for '../../../Engine/Content/' was aborted.
[2017.09.28-19.34.00:587][945]LogDirectoryWatcher: A directory notification for 'D:/GitHub/EscapeRoom/EscapeRoom/Content/' was aborted.
[2017.09.28-19.34.00:587][945]LogDirectoryWatcher: A directory notification for '../../../Engine/Plugins/2D/Paper2D/Content/' was aborted.
[2017.09.28-19.34.00:587][945]LogDirectoryWatcher: A directory notification for '../../../Engine/Plugins/Runtime/Oculus/OculusVR/Content/' was aborted.
[2017.09.28-19.34.00:587][945]LogDirectoryWatcher: A directory notification for '../../../Engine/Plugins/Runtime/Steam/SteamVR/Content/' was aborted.
[2017.09.28-19.34.00:660][945]LogExit: Object subsystem successfully closed.
[2017.09.28-19.34.00:684][945]LogD3D11RHI: Shutdown
[2017.09.28-19.34.00:684][945]LogD3D11RHI: CleanupD3DDevice
[2017.09.28-19.34.00:791][945]LogD3D11RHI: ~FD3D11DynamicRHI
[2017.09.28-19.34.00:812][945]LogModuleManager: Shutting down and abandoning module NewLevelDialog (542)
[2017.09.28-19.34.00:812][945]LogModuleManager: Shutting down and abandoning module BlueprintGraph (540)
[2017.09.28-19.34.00:812][945]LogModuleManager: Shutting down and abandoning module BlueprintProfiler (538)
[2017.09.28-19.34.00:813][945]LogModuleManager: Shutting down and abandoning module HierarchicalLODUtilities (536)
[2017.09.28-19.34.00:813][945]LogModuleManager: Shutting down and abandoning module StaticMeshEditor (534)
[2017.09.28-19.34.00:813][945]LogModuleManager: Shutting down and abandoning module HierarchicalLODOutliner (532)
[2017.09.28-19.34.00:813][945]LogModuleManager: Shutting down and abandoning module SceneOutliner (530)
[2017.09.28-19.34.00:813][945]LogModuleManager: Shutting down and abandoning module AddContentDialog (528)
[2017.09.28-19.34.00:813][945]LogDirectoryWatcher: A directory notification for 'C:/Program Files/Epic Games/UE_4.17/FeaturePacks/' was aborted.
[2017.09.28-19.34.00:815][945]LogModuleManager: Shutting down and abandoning module WidgetCarousel (527)
[2017.09.28-19.34.00:815][945]LogModuleManager: Shutting down and abandoning module EditorWidgets (524)
[2017.09.28-19.34.00:815][945]LogModuleManager: Shutting down and abandoning module CollectionManager (522)
[2017.09.28-19.34.00:815][945]LogDirectoryWatcher: A directory notification for 'D:/GitHub/EscapeRoom/EscapeRoom/Content/Collections/' was aborted.
[2017.09.28-19.34.00:815][945]LogDirectoryWatcher: A directory notification for 'D:/GitHub/EscapeRoom/EscapeRoom/Content/Developers/dougl/Collections/' was aborted.
[2017.09.28-19.34.00:815][945]LogDirectoryWatcher: A directory notification for 'D:/GitHub/EscapeRoom/EscapeRoom/Saved/Collections/' was aborted.
[2017.09.28-19.34.00:815][945]LogModuleManager: Shutting down and abandoning module StatsViewer (520)
[2017.09.28-19.34.00:815][945]LogModuleManager: Shutting down and abandoning module FoliageEdit (518)
[2017.09.28-19.34.00:815][945]LogModuleManager: Shutting down and abandoning module LandscapeEditor (516)
[2017.09.28-19.34.00:815][945]LogModuleManager: Shutting down and abandoning module MeshPaintMode (514)
[2017.09.28-19.34.00:815][945]LogModuleManager: Shutting down and abandoning module SceneDepthPickerMode (512)
[2017.09.28-19.34.00:815][945]LogModuleManager: Shutting down and abandoning module ActorPickerMode (510)
[2017.09.28-19.34.00:815][945]LogModuleManager: Shutting down and abandoning module GeometryMode (508)
[2017.09.28-19.34.00:815][945]LogModuleManager: Shutting down and abandoning module TextureAlignMode (506)
[2017.09.28-19.34.00:815][945]LogModuleManager: Shutting down and abandoning module BspMode (504)
[2017.09.28-19.34.00:815][945]LogModuleManager: Shutting down and abandoning module PIEPreviewDeviceProfileSelector (502)
[2017.09.28-19.34.00:815][945]LogModuleManager: Shutting down and abandoning module HardwareSurvey (500)
[2017.09.28-19.34.00:815][945]LogModuleManager: Shutting down and abandoning module SequenceRecorderSections (498)
[2017.09.28-19.34.00:815][945]LogModuleManager: Shutting down and abandoning module AutomationWorker (496)
[2017.09.28-19.34.00:815][945]LogModuleManager: Shutting down and abandoning module MatineeToLevelSequence (494)
[2017.09.28-19.34.00:815][945]LogModuleManager: Shutting down and abandoning module LevelSequenceEditor (492)
[2017.09.28-19.34.00:815][945]LogModuleManager: Shutting down and abandoning module PlacementMode (491)
[2017.09.28-19.34.00:815][945]LogModuleManager: Shutting down and abandoning module WmfMediaFactory (488)
[2017.09.28-19.34.00:815][945]LogModuleManager: Shutting down and abandoning module WmfMediaEditor (486)
[2017.09.28-19.34.00:815][945]LogModuleManager: Shutting down and abandoning module AvfMediaFactory (484)
[2017.09.28-19.34.00:816][945]LogModuleManager: Shutting down and abandoning module AvfMediaEditor (482)
[2017.09.28-19.34.00:816][945]LogModuleManager: Shutting down and abandoning module AndroidMediaFactory (480)
[2017.09.28-19.34.00:816][945]LogModuleManager: Shutting down and abandoning module Media (479)
[2017.09.28-19.34.00:816][945]LogModuleManager: Shutting down and abandoning module AndroidMediaEditor (476)
[2017.09.28-19.34.00:816][945]LogModuleManager: Shutting down and abandoning module CharacterAI (474)
[2017.09.28-19.34.00:816][945]LogModuleManager: Shutting down and abandoning module AudioCapture (472)
[2017.09.28-19.34.00:816][945]LogModuleManager: Shutting down and abandoning module SequenceRecorder (471)
[2017.09.28-19.34.00:816][945]LogModuleManager: Shutting down and abandoning module SmartSnapping (468)
[2017.09.28-19.34.00:816][945]LogModuleManager: Shutting down and abandoning module SessionServices (466)
[2017.09.28-19.34.00:816][945]LogModuleManager: Shutting down and abandoning module ViewportSnapping (464)
[2017.09.28-19.34.00:816][945]LogModuleManager: Shutting down and abandoning module ViewportInteraction (462)
[2017.09.28-19.34.00:816][945]LogModuleManager: Shutting down and abandoning module ClothPainter (460)
[2017.09.28-19.34.00:816][945]LogModuleManager: Shutting down and abandoning module LogVisualizer (458)
[2017.09.28-19.34.00:816][945]LogModuleManager: Shutting down and abandoning module IntroTutorials (456)
[2017.09.28-19.34.00:816][945]LogModuleManager: Shutting down and abandoning module GameProjectGeneration (455)
[2017.09.28-19.34.00:816][945]LogModuleManager: Shutting down and abandoning module IOSPlatformEditor (452)
[2017.09.28-19.34.00:816][945]LogModuleManager: Shutting down and abandoning module HTML5PlatformEditor (450)
[2017.09.28-19.34.00:816][945]LogModuleManager: Shutting down and abandoning module AndroidPlatformEditor (448)
[2017.09.28-19.34.00:816][945]LogModuleManager: Shutting down and abandoning module AndroidDeviceDetection (447)
[2017.09.28-19.34.01:669][945]LogModuleManager: Shutting down and abandoning module WindowsPlatformEditor (444)
[2017.09.28-19.34.01:669][945]LogModuleManager: Shutting down and abandoning module IOSRuntimeSettings (442)
[2017.09.28-19.34.01:669][945]LogModuleManager: Shutting down and abandoning module AndroidRuntimeSettings (440)
[2017.09.28-19.34.01:669][945]LogModuleManager: Shutting down and abandoning module InputBindingEditor (438)
[2017.09.28-19.34.01:669][945]LogModuleManager: Shutting down and abandoning module MergeActors (436)
[2017.09.28-19.34.01:669][945]LogModuleManager: Shutting down and abandoning module SizeMap (434)
[2017.09.28-19.34.01:669][945]LogModuleManager: Shutting down and abandoning module TreeMap (432)
[2017.09.28-19.34.01:669][945]LogModuleManager: Shutting down and abandoning module ReferenceViewer (430)
[2017.09.28-19.34.01:669][945]LogModuleManager: Shutting down and abandoning module LocalizationDashboard (428)
[2017.09.28-19.34.01:669][945]LogModuleManager: Shutting down and abandoning module LocalizationService (427)
[2017.09.28-19.34.01:669][945]LogModuleManager: Shutting down and abandoning module HardwareTargeting (424)
[2017.09.28-19.34.01:669][945]LogModuleManager: Shutting down and abandoning module DeviceProfileEditor (422)
[2017.09.28-19.34.01:669][945]LogModuleManager: Shutting down and abandoning module UndoHistory (420)
[2017.09.28-19.34.01:669][945]LogModuleManager: Shutting down and abandoning module XmlParser (418)
[2017.09.28-19.34.01:669][945]LogModuleManager: Shutting down and abandoning module Blutility (416)
[2017.09.28-19.34.01:669][945]LogModuleManager: Shutting down and abandoning module ProjectSettingsViewer (414)
[2017.09.28-19.34.01:669][945]LogModuleManager: Shutting down and abandoning module ProjectTargetPlatformEditor (413)
[2017.09.28-19.34.01:669][945]LogModuleManager: Shutting down and abandoning module EditorSettingsViewer (410)
[2017.09.28-19.34.01:669][945]LogModuleManager: Shutting down and abandoning module SettingsEditor (408)
[2017.09.28-19.34.01:669][945]LogModuleManager: Shutting down and abandoning module ProjectLauncher (406)
[2017.09.28-19.34.01:669][945]LogModuleManager: Shutting down and abandoning module SessionFrontend (404)
[2017.09.28-19.34.01:669][945]LogModuleManager: Shutting down and abandoning module ProfilerClient (402)
[2017.09.28-19.34.01:669][945]LogModuleManager: Shutting down and abandoning module DeviceManager (400)
[2017.09.28-19.34.01:669][945]LogModuleManager: Shutting down and abandoning module TargetDeviceServices (399)
[2017.09.28-19.34.01:723][945]LogModuleManager: Shutting down and abandoning module AutomationController (396)
[2017.09.28-19.34.01:723][945]LogModuleManager: Shutting down and abandoning module AutomationWindow (394)
[2017.09.28-19.34.01:723][945]LogModuleManager: Shutting down and abandoning module Layers (392)
[2017.09.28-19.34.01:723][945]LogModuleManager: Shutting down and abandoning module ComponentVisualizers (390)
[2017.09.28-19.34.01:723][945]LogModuleManager: Shutting down and abandoning module DetailCustomizations (388)
[2017.09.28-19.34.01:723][945]LogModuleManager: Shutting down and abandoning module PackagesDialog (386)
[2017.09.28-19.34.01:723][945]LogModuleManager: Shutting down and abandoning module Persona (384)
[2017.09.28-19.34.01:723][945]LogModuleManager: Shutting down and abandoning module AdvancedPreviewScene (383)
[2017.09.28-19.34.01:723][945]LogModuleManager: Shutting down and abandoning module AnimGraph (381)
[2017.09.28-19.34.01:723][945]LogModuleManager: Shutting down and abandoning module Kismet (378)
[2017.09.28-19.34.01:732][945]LogModuleManager: Shutting down and abandoning module ClassViewer (376)
[2017.09.28-19.34.01:732][945]LogModuleManager: Shutting down and abandoning module Toolbox (374)
[2017.09.28-19.34.01:732][945]LogModuleManager: Shutting down and abandoning module ModuleUI (372)
[2017.09.28-19.34.01:732][945]LogModuleManager: Shutting down and abandoning module MovieSceneTools (370)
[2017.09.28-19.34.01:733][945]LogModuleManager: Shutting down and abandoning module OutputLog (368)
[2017.09.28-19.34.01:733][945]LogModuleManager: Shutting down and abandoning module GammaUI (366)
[2017.09.28-19.34.01:733][945]LogModuleManager: Shutting down and abandoning module Documentation (364)
[2017.09.28-19.34.01:733][945]LogModuleManager: Shutting down and abandoning module MovieSceneTracks (362)
[2017.09.28-19.34.01:733][945]LogModuleManager: Shutting down and abandoning module MovieScene (360)
[2017.09.28-19.34.01:733][945]LogModuleManager: Shutting down and abandoning module Niagara (358)
[2017.09.28-19.34.01:733][945]LogModuleManager: Shutting down and abandoning module NiagaraEditor (357)
[2017.09.28-19.34.01:733][945]LogModuleManager: Shutting down and abandoning module StreamingPauseRendering (354)
[2017.09.28-19.34.01:733][945]LogModuleManager: Shutting down and abandoning module LauncherPlatform (352)
[2017.09.28-19.34.01:733][945]LogModuleManager: Shutting down and abandoning module AnalyticsET (350)
[2017.09.28-19.34.01:733][945]LogModuleManager: Shutting down and abandoning module PortalServices (348)
[2017.09.28-19.34.01:733][945]LogModuleManager: Shutting down and abandoning module PortalRpc (346)
[2017.09.28-19.34.01:733][945]LogModuleManager: Shutting down and abandoning module MessagingRpc (344)
[2017.09.28-19.34.01:733][945]LogModuleManager: Shutting down and abandoning module AIModule (342)
[2017.09.28-19.34.01:733][945]LogModuleManager: Shutting down and abandoning module GameplayDebugger (341)
[2017.09.28-19.34.01:733][945]LogModuleManager: Shutting down and abandoning module AITestSuite (339)
[2017.09.28-19.34.01:733][945]LogModuleManager: Shutting down and abandoning module ProfilerService (336)
[2017.09.28-19.34.01:778][945]LogModuleManager: Shutting down and abandoning module TaskGraph (334)
[2017.09.28-19.34.01:778][945]LogModuleManager: Shutting down and abandoning module SteamVRController (332)
[2017.09.28-19.34.01:778][945]LogModuleManager: Shutting down and abandoning module ProceduralMeshComponentEditor (330)
[2017.09.28-19.34.01:778][945]LogModuleManager: Shutting down and abandoning module ProceduralMeshComponent (328)
[2017.09.28-19.34.01:778][945]LogModuleManager: Shutting down and abandoning module OculusInput (326)
[2017.09.28-19.34.01:778][945]LogModuleManager: Shutting down and abandoning module MobilePatchingUtils (324)
[2017.09.28-19.34.01:778][945]LogModuleManager: Shutting down and abandoning module CustomMeshComponent (322)
[2017.09.28-19.34.01:778][945]LogModuleManager: Shutting down and abandoning module CableComponent (320)
[2017.09.28-19.34.01:778][945]LogModuleManager: Shutting down and abandoning module ArchVisCharacter (318)
[2017.09.28-19.34.01:778][945]LogModuleManager: Shutting down and abandoning module AndroidPermission (316)
[2017.09.28-19.34.01:778][945]LogModuleManager: Shutting down and abandoning module MediaPlayerEditor (312)
[2017.09.28-19.34.01:778][945]LogModuleManager: Shutting down and abandoning module HTML5Networking (310)
[2017.09.28-19.34.01:778][945]LogModuleManager: Shutting down and abandoning module AlembicImporter (308)
[2017.09.28-19.34.01:778][945]LogModuleManager: Shutting down and abandoning module AlembicLibrary (307)
[2017.09.28-19.34.01:778][945]LogModuleManager: Shutting down and abandoning module GeometryCache (306)
[2017.09.28-19.34.01:778][945]LogModuleManager: Shutting down and abandoning module GeometryCacheEd (305)
[2017.09.28-19.34.01:778][945]LogModuleManager: Shutting down and abandoning module SpeedTreeImporter (300)
[2017.09.28-19.34.01:778][945]LogModuleManager: Shutting down and abandoning module PluginBrowser (298)
[2017.09.28-19.34.01:778][945]LogModuleManager: Shutting down and abandoning module MobileLauncherProfileWizard (296)
[2017.09.28-19.34.01:778][945]LogModuleManager: Shutting down and abandoning module VisualStudioSourceCodeAccess (294)
[2017.09.28-19.34.01:779][945]LogModuleManager: Shutting down and abandoning module DesktopPlatform (293)
[2017.09.28-19.34.01:779][945]LogModuleManager: Shutting down and abandoning module UObjectPlugin (290)
[2017.09.28-19.34.01:779][945]LogModuleManager: Shutting down and abandoning module SubversionSourceControl (288)
[2017.09.28-19.34.01:779][945]LogModuleManager: Shutting down and abandoning module PerforceSourceControl (286)
[2017.09.28-19.34.01:779][945]LogModuleManager: Shutting down and abandoning module GitSourceControl (284)
[2017.09.28-19.34.01:779][945]LogModuleManager: Shutting down and abandoning module SourceControl (283)
[2017.09.28-19.34.01:779][945]LogModuleManager: Shutting down and abandoning module LightPropagationVolumeEditor (280)
[2017.09.28-19.34.01:779][945]LogModuleManager: Shutting down and abandoning module PaperTiledImporter (278)
[2017.09.28-19.34.01:779][945]LogModuleManager: Shutting down and abandoning module PaperSpriteSheetImporter (276)
[2017.09.28-19.34.01:779][945]LogModuleManager: Shutting down and abandoning module Paper2DEditor (274)
[2017.09.28-19.34.01:779][945]LogModuleManager: Shutting down and abandoning module MeshPaint (273)
[2017.09.28-19.34.01:779][945]LogModuleManager: Shutting down and abandoning module LevelEditor (271)
[2017.09.28-19.34.01:780][945]LogModuleManager: Shutting down and abandoning module PixelInspectorModule (270)
[2017.09.28-19.34.01:780][945]LogModuleManager: Shutting down and abandoning module MainFrame (268)
[2017.09.28-19.34.01:780][945]LogModuleManager: Shutting down and abandoning module HotReload (267)
[2017.09.28-19.34.01:780][945]LogDirectoryWatcher: A directory notification for 'D:/GitHub/EscapeRoom/EscapeRoom/Binaries/Win64' was aborted.
[2017.09.28-19.34.01:781][945]LogModuleManager: Shutting down and abandoning module EscapeRoom (262)
[2017.09.28-19.34.01:781][945]LogModuleManager: Shutting down and abandoning module RuntimePhysXCooking (260)
[2017.09.28-19.34.01:781][945]LogModuleManager: Shutting down and abandoning module PhysXVehiclesEditor (258)
[2017.09.28-19.34.01:781][945]LogModuleManager: Shutting down and abandoning module PhysXVehicles (256)
[2017.09.28-19.34.01:781][945]LogModuleManager: Shutting down and abandoning module OculusEditor (254)
[2017.09.28-19.34.01:781][945]LogModuleManager: Shutting down and abandoning module LocationServicesBPLibrary (252)
[2017.09.28-19.34.01:781][945]LogModuleManager: Shutting down and abandoning module ImmediatePhysicsEditor (250)
[2017.09.28-19.34.01:781][945]LogModuleManager: Shutting down and abandoning module ImmediatePhysics (248)
[2017.09.28-19.34.01:781][945]LogModuleManager: Shutting down and abandoning module UdpMessaging (246)
[2017.09.28-19.34.01:881][945]LogModuleManager: Shutting down and abandoning module TcpMessaging (244)
[2017.09.28-19.34.01:981][945]LogModuleManager: Shutting down and abandoning module GameplayTagsEditor (242)
[2017.09.28-19.34.01:981][945]LogModuleManager: Shutting down and abandoning module FacialAnimationEditor (240)
[2017.09.28-19.34.01:981][945]LogModuleManager: Shutting down and abandoning module FacialAnimation (238)
[2017.09.28-19.34.01:981][945]LogModuleManager: Shutting down and abandoning module AssetManagerEditor (236)
[2017.09.28-19.34.01:982][945]LogModuleManager: Shutting down and abandoning module GraphEditor (235)
[2017.09.28-19.34.01:982][945]LogModuleManager: Shutting down and abandoning module ContentBrowser (233)
[2017.09.28-19.34.01:983][945]LogModuleManager: Shutting down and abandoning module LightPropagationVolumeRuntime (230)
[2017.09.28-19.34.01:983][945]LogModuleManager: Shutting down and abandoning module Paper2D (228)
[2017.09.28-19.34.01:983][945]LogModuleManager: Shutting down and abandoning module WindowsMoviePlayer (226)
[2017.09.28-19.34.01:983][945]LogModuleManager: Shutting down and abandoning module WmfMedia (224)
[2017.09.28-19.34.01:983][945]LogModuleManager: Shutting down and abandoning module PacketHandler (222)
[2017.09.28-19.34.01:983][945]LogModuleManager: Shutting down and abandoning module ClothingSystemEditor (220)
[2017.09.28-19.34.01:983][945]LogModuleManager: Shutting down and abandoning module ClothingSystemRuntime (218)
[2017.09.28-19.34.01:983][945]LogModuleManager: Shutting down and abandoning module Overlay (216)
[2017.09.28-19.34.01:983][945]LogModuleManager: Shutting down and abandoning module OverlayEditor (215)
[2017.09.28-19.34.01:983][945]LogModuleManager: Shutting down and abandoning module MediaAssets (212)
[2017.09.28-19.34.01:983][945]LogModuleManager: Shutting down and abandoning module VREditor (210)
[2017.09.28-19.34.01:984][945]LogModuleManager: Shutting down and abandoning module StringTableEditor (208)
[2017.09.28-19.34.01:984][945]LogModuleManager: Shutting down and abandoning module GameplayTasksEditor (206)
[2017.09.28-19.34.01:984][945]LogModuleManager: Shutting down and abandoning module BehaviorTreeEditor (204)
[2017.09.28-19.34.01:984][945]LogModuleManager: Shutting down and abandoning module FunctionalTesting (202)
[2017.09.28-19.34.01:984][945]LogModuleManager: Shutting down and abandoning module CollisionAnalyzer (200)
[2017.09.28-19.34.01:984][945]LogModuleManager: Shutting down and abandoning module WorkspaceMenuStructure (199)
[2017.09.28-19.34.01:984][945]LogModuleManager: Shutting down and abandoning module UMG (196)
[2017.09.28-19.34.01:984][945]LogModuleManager: Shutting down and abandoning module UMGEditor (195)
[2017.09.28-19.34.01:984][945]LogModuleManager: Shutting down and abandoning module Sequencer (194)
[2017.09.28-19.34.01:984][945]LogModuleManager: Shutting down and abandoning module MessageLog (191)
[2017.09.28-19.34.01:984][945]LogModuleManager: Shutting down and abandoning module SlateReflector (186)
[2017.09.28-19.34.01:984][945]LogModuleManager: Shutting down and abandoning module Slate (184)
[2017.09.28-19.34.01:984][945]LogModuleManager: Shutting down and abandoning module EditorStyle (182)
[2017.09.28-19.34.01:986][945]LogModuleManager: Shutting down and abandoning module MRMesh (180)
[2017.09.28-19.34.01:986][945]LogModuleManager: Shutting down and abandoning module SourceCodeAccess (178)
[2017.09.28-19.34.01:986][945]LogModuleManager: Shutting down and abandoning module HeadMountedDisplay (176)
[2017.09.28-19.34.01:986][945]LogModuleManager: Shutting down and abandoning module XAudio2 (174)
[2017.09.28-19.34.01:986][945]LogModuleManager: Shutting down and abandoning module Networking (172)
[2017.09.28-19.34.01:986][945]LogModuleManager: Shutting down and abandoning module Core (168)
[2017.09.28-19.34.01:986][945]LogModuleManager: Shutting down and abandoning module KismetCompiler (164)
[2017.09.28-19.34.01:986][945]LogModuleManager: Shutting down and abandoning module LevelSequence (162)
[2017.09.28-19.34.01:986][945]LogModuleManager: Shutting down and abandoning module MeshUtilities (160)
[2017.09.28-19.34.01:986][945]LogModuleManager: Shutting down and abandoning module MeshMergeUtilities (159)
[2017.09.28-19.34.01:986][945]LogModuleManager: Shutting down and abandoning module MeshReductionInterface (158)
[2017.09.28-19.34.01:986][945]LogModuleManager: Shutting down and abandoning module SimplygonSwarm (157)
[2017.09.28-19.34.01:986][945]LogModuleManager: Shutting down and abandoning module SimplygonMeshReduction (155)
[2017.09.28-19.34.01:986][945]LogModuleManager: Shutting down and abandoning module QuadricMeshReduction (153)
[2017.09.28-19.34.01:986][945]LogModuleManager: Shutting down and abandoning module MaterialBaking (149)
[2017.09.28-19.34.01:986][945]LogModuleManager: Shutting down and abandoning module DirectoryWatcher (146)
[2017.09.28-19.34.01:987][945]LogModuleManager: Shutting down and abandoning module DerivedDataCache (144)
[2017.09.28-19.34.02:069][945]LogDerivedDataCache: Shutdown
[2017.09.28-19.34.02:069][945]LogModuleManager: Shutting down and abandoning module TargetPlatform (142)
[2017.09.28-19.34.02:069][945]LogModuleManager: Shutting down and abandoning module VulkanShaderFormat (141)
[2017.09.28-19.34.02:069][945]LogModuleManager: Shutting down and abandoning module ShaderFormatVectorVM (139)
[2017.09.28-19.34.02:069][945]LogModuleManager: Shutting down and abandoning module ShaderFormatOpenGL (137)
[2017.09.28-19.34.02:069][945]LogModuleManager: Shutting down and abandoning module ShaderFormatD3D (135)
[2017.09.28-19.34.02:069][945]LogModuleManager: Shutting down and abandoning module MetalShaderFormat (133)
[2017.09.28-19.34.02:069][945]LogModuleManager: Shutting down and abandoning module TextureFormatUncompressed (131)
[2017.09.28-19.34.02:069][945]LogModuleManager: Shutting down and abandoning module TextureFormatPVR (129)
[2017.09.28-19.34.02:069][945]LogModuleManager: Shutting down and abandoning module TextureFormatDXT (127)
[2017.09.28-19.34.02:069][945]LogModuleManager: Shutting down and abandoning module TextureFormatIntelISPCTexComp (125)
[2017.09.28-19.34.02:069][945]LogModuleManager: Shutting down and abandoning module TextureFormatASTC (123)
[2017.09.28-19.34.02:069][945]LogModuleManager: Shutting down and abandoning module ImageWrapper (122)
[2017.09.28-19.34.02:069][945]LogModuleManager: Shutting down and abandoning module TextureFormatAndroid (119)
[2017.09.28-19.34.02:069][945]LogModuleManager: Shutting down and abandoning module AudioFormatOpus (117)
[2017.09.28-19.34.02:069][945]LogModuleManager: Shutting down and abandoning module AudioFormatOgg (115)
[2017.09.28-19.34.02:069][945]LogModuleManager: Shutting down and abandoning module AudioFormatADPCM (113)
[2017.09.28-19.34.02:069][945]LogModuleManager: Shutting down and abandoning module LinuxTargetPlatform (111)
[2017.09.28-19.34.02:069][945]LogModuleManager: Shutting down and abandoning module LinuxServerTargetPlatform (109)
[2017.09.28-19.34.02:069][945]LogModuleManager: Shutting down and abandoning module LinuxNoEditorTargetPlatform (107)
[2017.09.28-19.34.02:069][945]LogModuleManager: Shutting down and abandoning module LinuxClientTargetPlatform (105)
[2017.09.28-19.34.02:069][945]LogModuleManager: Shutting down and abandoning module TVOSTargetPlatform (103)
[2017.09.28-19.34.02:069][945]LogModuleManager: Shutting down and abandoning module Messaging (101)
[2017.09.28-19.34.02:069][945]LogModuleManager: Shutting down and abandoning module IOSTargetPlatform (99)
[2017.09.28-19.34.02:069][945]LogModuleManager: Shutting down and abandoning module HTML5TargetPlatform (97)
[2017.09.28-19.34.02:069][945]LogModuleManager: Shutting down and abandoning module Android_PVRTCTargetPlatform (95)
[2017.09.28-19.34.02:069][945]LogModuleManager: Shutting down and abandoning module Android_MultiTargetPlatform (93)
[2017.09.28-19.34.02:069][945]LogModuleManager: Shutting down and abandoning module Android_ETC2TargetPlatform (91)
[2017.09.28-19.34.02:069][945]LogModuleManager: Shutting down and abandoning module Android_ETC1TargetPlatform (89)
[2017.09.28-19.34.02:069][945]LogModuleManager: Shutting down and abandoning module Android_DXTTargetPlatform (87)
[2017.09.28-19.34.02:069][945]LogModuleManager: Shutting down and abandoning module Android_ATCTargetPlatform (85)
[2017.09.28-19.34.02:069][945]LogModuleManager: Shutting down and abandoning module Android_ASTCTargetPlatform (83)
[2017.09.28-19.34.02:069][945]LogModuleManager: Shutting down and abandoning module AndroidTargetPlatform (81)
[2017.09.28-19.34.02:069][945]LogModuleManager: Shutting down and abandoning module WindowsTargetPlatform (79)
[2017.09.28-19.34.02:069][945]LogModuleManager: Shutting down and abandoning module WindowsServerTargetPlatform (77)
[2017.09.28-19.34.02:069][945]LogModuleManager: Shutting down and abandoning module WindowsNoEditorTargetPlatform (75)
[2017.09.28-19.34.02:069][945]LogModuleManager: Shutting down and abandoning module WindowsClientTargetPlatform (73)
[2017.09.28-19.34.02:069][945]LogModuleManager: Shutting down and abandoning module MacTargetPlatform (71)
[2017.09.28-19.34.02:070][945]LogModuleManager: Shutting down and abandoning module MacServerTargetPlatform (69)
[2017.09.28-19.34.02:070][945]LogModuleManager: Shutting down and abandoning module MacNoEditorTargetPlatform (67)
[2017.09.28-19.34.02:070][945]LogModuleManager: Shutting down and abandoning module MacClientTargetPlatform (65)
[2017.09.28-19.34.02:070][945]LogModuleManager: Shutting down and abandoning module AllDesktopTargetPlatform (63)
[2017.09.28-19.34.02:070][945]LogModuleManager: Shutting down and abandoning module InputCore (60)
[2017.09.28-19.34.02:070][945]LogModuleManager: Shutting down and abandoning module Settings (58)
[2017.09.28-19.34.02:070][945]LogModuleManager: Shutting down and abandoning module PhysXCooking (56)
[2017.09.28-19.34.02:070][945]LogModuleManager: Shutting down and abandoning module SteamVR (54)
[2017.09.28-19.34.02:070][945]LogModuleManager: Shutting down and abandoning module OculusHMD (52)
[2017.09.28-19.34.02:070][945]LogModuleManager: Shutting down and abandoning module ExampleDeviceProfileSelector (50)
[2017.09.28-19.34.02:070][945]LogModuleManager: Shutting down and abandoning module OnlineBlueprintSupport (48)
[2017.09.28-19.34.02:070][945]LogModuleManager: Shutting down and abandoning module OnlineSubsystem (44)
[2017.09.28-19.34.02:070][945]LogOnline: Display: Unloading online subsystem: NULL
[2017.09.28-19.34.02:070][945]LogModuleManager: Shutting down and abandoning module XMPP (43)
[2017.09.28-19.34.02:070][945]LogModuleManager: Shutting down and abandoning module HTTP (41)
[2017.09.28-19.34.02:070][945]LogHttp: Display: Http module shutting down, but needs to wait on 1 outstanding Http requests:
[2017.09.28-19.34.02:070][945]LogHttp: Display: 	verb=[POST] url=[https://datarouter.ol.epicgames.com/datarouter/api/v1/public/data?SessionID=%7BDA26B1E0-4271-E77C-824D-DBA0EEA47D25%7D&AppID=UEEditor.Rocket.Release&AppVersion=4.17.1-3586342%2B%2B%2BUE4%2BRelease-4.17&UserID=fe3eb03e4c6bd5b2053d609c84892995%7C673b42d9777c456f98e04f52d2f183ec%7C6d92607c-9b4e-4e4e-8049-db495ba2a9b2&AppEnvironment=datacollector-binary&UploadType=eteventstream] status=Processing
[2017.09.28-19.34.02:103][945]LogModuleManager: Shutting down and abandoning module SSL (40)
[2017.09.28-19.34.02:105][945]LogModuleManager: Shutting down and abandoning module AnimationModifiers (36)
[2017.09.28-19.34.02:105][945]LogModuleManager: Shutting down and abandoning module PropertyEditor (35)
[2017.09.28-19.34.02:105][945]LogModuleManager: Shutting down and abandoning module AudioEditor (32)
[2017.09.28-19.34.02:105][945]LogModuleManager: Shutting down and abandoning module TextureCompressor (30)
[2017.09.28-19.34.02:106][945]LogModuleManager: Shutting down and abandoning module ShaderCore (28)
[2017.09.28-19.34.02:106][945]LogModuleManager: Shutting down and abandoning module Landscape (26)
[2017.09.28-19.34.02:106][945]LogModuleManager: Shutting down and abandoning module SlateRHIRenderer (24)
[2017.09.28-19.34.02:106][945]LogModuleManager: Shutting down and abandoning module OpenGLDrv (22)
[2017.09.28-19.34.02:106][945]LogModuleManager: Shutting down and abandoning module D3D11RHI (20)
[2017.09.28-19.34.02:106][945]LogModuleManager: Shutting down and abandoning module AnimGraphRuntime (18)
[2017.09.28-19.34.02:106][945]LogModuleManager: Shutting down and abandoning module Renderer (16)
[2017.09.28-19.34.02:106][945]LogModuleManager: Shutting down and abandoning module Engine (14)
[2017.09.28-19.34.02:106][945]LogModuleManager: Shutting down and abandoning module CoreUObject (12)
[2017.09.28-19.34.02:106][945]LogModuleManager: Shutting down and abandoning module NetworkFile (10)
[2017.09.28-19.34.02:106][945]LogModuleManager: Shutting down and abandoning module CookedIterativeFile (8)
[2017.09.28-19.34.02:106][945]LogModuleManager: Shutting down and abandoning module StreamingFile (6)
[2017.09.28-19.34.02:106][945]LogModuleManager: Shutting down and abandoning module SandboxFile (4)
[2017.09.28-19.34.02:106][945]LogModuleManager: Shutting down and abandoning module PakFile (2)
[2017.09.28-19.34.02:110][945]LogExit: Exiting.
[2017.09.28-19.34.02:122][945]Log file closed, 09/28/17 15:34:02
